WARN  [2013-11-26 20:50:56,383] com.yammer.dropwizard.config.ServerFactory: 
!!!!!!!!!!!!!!!!!!!!!!!!!!!!!!!!!!!!!!!!!!!!!!!!!!!!!!!!!!!!!!!!!!!!!!!!!!!!!!!!
!!!!!!!!!!!!!!!!!!!!!!!!!!!!!!!!!!!!!!!!!!!!!!!!!!!!!!!!!!!!!!!!!!!!!!!!!!!!!!!!
!    THIS SERVICE HAS NO HEALTHCHECKS. THIS MEANS YOU WILL NEVER KNOW IF IT    !
!    DIES IN PRODUCTION, WHICH MEANS YOU WILL NEVER KNOW IF YOU'RE LETTING     !
!     YOUR USERS DOWN. YOU SHOULD ADD A HEALTHCHECK FOR EACH DEPENDENCY OF     !
!     YOUR SERVICE WHICH FULLY (BUT LIGHTLY) TESTS YOUR SERVICE'S ABILITY TO   !
!      USE THAT SERVICE. THINK OF IT AS A CONTINUOUS INTEGRATION TEST.         !
!!!!!!!!!!!!!!!!!!!!!!!!!!!!!!!!!!!!!!!!!!!!!!!!!!!!!!!!!!!!!!!!!!!!!!!!!!!!!!!!
!!!!!!!!!!!!!!!!!!!!!!!!!!!!!!!!!!!!!!!!!!!!!!!!!!!!!!!!!!!!!!!!!!!!!!!!!!!!!!!!
INFO  [2013-11-26 20:50:56,441] com.yammer.dropwizard.cli.ServerCommand: Starting library-service
INFO  [2013-11-26 20:50:56,443] org.eclipse.jetty.server.Server: jetty-8.y.z-SNAPSHOT
INFO  [2013-11-26 20:50:56,512] com.sun.jersey.server.impl.application.WebApplicationImpl: Initiating Jersey application, version 'Jersey: 1.17.1 02/28/2013 12:47 PM'
INFO  [2013-11-26 20:50:56,585] com.yammer.dropwizard.config.Environment: The following paths were found for the configured resources:

    GET     /bagpack/v1/ (edu.sjsu.cmpe.dropbox.api.resources.RootResource)
    DELETE  /bagpack/v1/users/{userID} (edu.sjsu.cmpe.dropbox.api.resources.DropboxResource)
    DELETE  /bagpack/v1/users/{userID}/files/{id} (edu.sjsu.cmpe.dropbox.api.resources.DropboxResource)
    GET     /bagpack/v1/users (edu.sjsu.cmpe.dropbox.api.resources.DropboxResource)
    GET     /bagpack/v1/users/login (edu.sjsu.cmpe.dropbox.api.resources.DropboxResource)
    GET     /bagpack/v1/users/signup (edu.sjsu.cmpe.dropbox.api.resources.DropboxResource)
    GET     /bagpack/v1/users/{userID} (edu.sjsu.cmpe.dropbox.api.resources.DropboxResource)
    GET     /bagpack/v1/users/{userID}/files (edu.sjsu.cmpe.dropbox.api.resources.DropboxResource)
    GET     /bagpack/v1/users/{userID}/files/createFile (edu.sjsu.cmpe.dropbox.api.resources.DropboxResource)
    GET     /bagpack/v1/users/{userID}/files/{id} (edu.sjsu.cmpe.dropbox.api.resources.DropboxResource)
    GET     /bagpack/v1/users/{userID}/filesShared (edu.sjsu.cmpe.dropbox.api.resources.DropboxResource)
    GET     /bagpack/v1/users/{userID}/filesShared/{id} (edu.sjsu.cmpe.dropbox.api.resources.DropboxResource)
    GET     /bagpack/v1/users/{userID}/publicfiles/{id} (edu.sjsu.cmpe.dropbox.api.resources.DropboxResource)
    POST    /bagpack/v1/users/login (edu.sjsu.cmpe.dropbox.api.resources.DropboxResource)
    POST    /bagpack/v1/users/signup (edu.sjsu.cmpe.dropbox.api.resources.DropboxResource)
    POST    /bagpack/v1/users/{userID}/files (edu.sjsu.cmpe.dropbox.api.resources.DropboxResource)
    POST    /bagpack/v1/users/{userID}/publicFiles (edu.sjsu.cmpe.dropbox.api.resources.DropboxResource)
    PUT     /bagpack/v1/users/{userID} (edu.sjsu.cmpe.dropbox.api.resources.DropboxResource)
    PUT     /bagpack/v1/users/{userID}/files/{id} (edu.sjsu.cmpe.dropbox.api.resources.DropboxResource)

INFO  [2013-11-26 20:50:56,585] com.yammer.dropwizard.config.Environment: tasks = 

    POST    /tasks/gc (com.yammer.dropwizard.tasks.GarbageCollectionTask)

INFO  [2013-11-26 20:50:56,762] org.eclipse.jetty.server.AbstractConnector: Started InstrumentedBlockingChannelConnector@0.0.0.0:8002
INFO  [2013-11-26 20:50:56,764] org.eclipse.jetty.server.AbstractConnector: Started SocketConnector@0.0.0.0:8081
INFO  [2013-11-26 20:54:42,454] org.eclipse.jetty.server.Server: Graceful shutdown SocketConnector@0.0.0.0:8081
INFO  [2013-11-26 20:54:42,454] org.eclipse.jetty.server.Server: Graceful shutdown InstrumentedBlockingChannelConnector@0.0.0.0:8002
INFO  [2013-11-26 20:54:42,454] org.eclipse.jetty.server.Server: Graceful shutdown o.e.j.s.ServletContextHandler{/,null}
INFO  [2013-11-26 20:54:42,454] org.eclipse.jetty.server.Server: Graceful shutdown o.e.j.s.ServletContextHandler{/,null}
WARN  [2013-11-26 20:54:53,852] com.yammer.dropwizard.config.ServerFactory: 
!!!!!!!!!!!!!!!!!!!!!!!!!!!!!!!!!!!!!!!!!!!!!!!!!!!!!!!!!!!!!!!!!!!!!!!!!!!!!!!!
!!!!!!!!!!!!!!!!!!!!!!!!!!!!!!!!!!!!!!!!!!!!!!!!!!!!!!!!!!!!!!!!!!!!!!!!!!!!!!!!
!    THIS SERVICE HAS NO HEALTHCHECKS. THIS MEANS YOU WILL NEVER KNOW IF IT    !
!    DIES IN PRODUCTION, WHICH MEANS YOU WILL NEVER KNOW IF YOU'RE LETTING     !
!     YOUR USERS DOWN. YOU SHOULD ADD A HEALTHCHECK FOR EACH DEPENDENCY OF     !
!     YOUR SERVICE WHICH FULLY (BUT LIGHTLY) TESTS YOUR SERVICE'S ABILITY TO   !
!      USE THAT SERVICE. THINK OF IT AS A CONTINUOUS INTEGRATION TEST.         !
!!!!!!!!!!!!!!!!!!!!!!!!!!!!!!!!!!!!!!!!!!!!!!!!!!!!!!!!!!!!!!!!!!!!!!!!!!!!!!!!
!!!!!!!!!!!!!!!!!!!!!!!!!!!!!!!!!!!!!!!!!!!!!!!!!!!!!!!!!!!!!!!!!!!!!!!!!!!!!!!!
INFO  [2013-11-26 20:54:53,910] com.yammer.dropwizard.cli.ServerCommand: Starting library-service
INFO  [2013-11-26 20:54:53,911] org.eclipse.jetty.server.Server: jetty-8.y.z-SNAPSHOT
INFO  [2013-11-26 20:54:53,978] com.sun.jersey.server.impl.application.WebApplicationImpl: Initiating Jersey application, version 'Jersey: 1.17.1 02/28/2013 12:47 PM'
INFO  [2013-11-26 20:54:54,031] com.yammer.dropwizard.config.Environment: The following paths were found for the configured resources:

    GET     /bagpack/v1/ (edu.sjsu.cmpe.dropbox.api.resources.RootResource)
    DELETE  /bagpack/v1/users/{userID} (edu.sjsu.cmpe.dropbox.api.resources.DropboxResource)
    DELETE  /bagpack/v1/users/{userID}/files/{id} (edu.sjsu.cmpe.dropbox.api.resources.DropboxResource)
    GET     /bagpack/v1/users (edu.sjsu.cmpe.dropbox.api.resources.DropboxResource)
    GET     /bagpack/v1/users/login (edu.sjsu.cmpe.dropbox.api.resources.DropboxResource)
    GET     /bagpack/v1/users/signup (edu.sjsu.cmpe.dropbox.api.resources.DropboxResource)
    GET     /bagpack/v1/users/{userID} (edu.sjsu.cmpe.dropbox.api.resources.DropboxResource)
    GET     /bagpack/v1/users/{userID}/files (edu.sjsu.cmpe.dropbox.api.resources.DropboxResource)
    GET     /bagpack/v1/users/{userID}/files/createFile (edu.sjsu.cmpe.dropbox.api.resources.DropboxResource)
    GET     /bagpack/v1/users/{userID}/files/{id} (edu.sjsu.cmpe.dropbox.api.resources.DropboxResource)
    GET     /bagpack/v1/users/{userID}/filesShared (edu.sjsu.cmpe.dropbox.api.resources.DropboxResource)
    GET     /bagpack/v1/users/{userID}/filesShared/{id} (edu.sjsu.cmpe.dropbox.api.resources.DropboxResource)
    GET     /bagpack/v1/users/{userID}/publicfiles/{id} (edu.sjsu.cmpe.dropbox.api.resources.DropboxResource)
    POST    /bagpack/v1/users/login (edu.sjsu.cmpe.dropbox.api.resources.DropboxResource)
    POST    /bagpack/v1/users/signup (edu.sjsu.cmpe.dropbox.api.resources.DropboxResource)
    POST    /bagpack/v1/users/{userID}/files (edu.sjsu.cmpe.dropbox.api.resources.DropboxResource)
    POST    /bagpack/v1/users/{userID}/publicFiles (edu.sjsu.cmpe.dropbox.api.resources.DropboxResource)
    PUT     /bagpack/v1/users/{userID} (edu.sjsu.cmpe.dropbox.api.resources.DropboxResource)
    PUT     /bagpack/v1/users/{userID}/files/{id} (edu.sjsu.cmpe.dropbox.api.resources.DropboxResource)

INFO  [2013-11-26 20:54:54,031] com.yammer.dropwizard.config.Environment: tasks = 

    POST    /tasks/gc (com.yammer.dropwizard.tasks.GarbageCollectionTask)

INFO  [2013-11-26 20:54:54,203] org.eclipse.jetty.server.AbstractConnector: Started InstrumentedBlockingChannelConnector@0.0.0.0:8002
INFO  [2013-11-26 20:54:54,205] org.eclipse.jetty.server.AbstractConnector: Started SocketConnector@0.0.0.0:8081
INFO  [2013-11-26 20:57:37,519] org.eclipse.jetty.server.Server: Graceful shutdown SocketConnector@0.0.0.0:8081
INFO  [2013-11-26 20:57:37,520] org.eclipse.jetty.server.Server: Graceful shutdown InstrumentedBlockingChannelConnector@0.0.0.0:8002
INFO  [2013-11-26 20:57:37,520] org.eclipse.jetty.server.Server: Graceful shutdown o.e.j.s.ServletContextHandler{/,null}
INFO  [2013-11-26 20:57:37,520] org.eclipse.jetty.server.Server: Graceful shutdown o.e.j.s.ServletContextHandler{/,null}
WARN  [2013-11-26 20:57:47,461] com.yammer.dropwizard.config.ServerFactory: 
!!!!!!!!!!!!!!!!!!!!!!!!!!!!!!!!!!!!!!!!!!!!!!!!!!!!!!!!!!!!!!!!!!!!!!!!!!!!!!!!
!!!!!!!!!!!!!!!!!!!!!!!!!!!!!!!!!!!!!!!!!!!!!!!!!!!!!!!!!!!!!!!!!!!!!!!!!!!!!!!!
!    THIS SERVICE HAS NO HEALTHCHECKS. THIS MEANS YOU WILL NEVER KNOW IF IT    !
!    DIES IN PRODUCTION, WHICH MEANS YOU WILL NEVER KNOW IF YOU'RE LETTING     !
!     YOUR USERS DOWN. YOU SHOULD ADD A HEALTHCHECK FOR EACH DEPENDENCY OF     !
!     YOUR SERVICE WHICH FULLY (BUT LIGHTLY) TESTS YOUR SERVICE'S ABILITY TO   !
!      USE THAT SERVICE. THINK OF IT AS A CONTINUOUS INTEGRATION TEST.         !
!!!!!!!!!!!!!!!!!!!!!!!!!!!!!!!!!!!!!!!!!!!!!!!!!!!!!!!!!!!!!!!!!!!!!!!!!!!!!!!!
!!!!!!!!!!!!!!!!!!!!!!!!!!!!!!!!!!!!!!!!!!!!!!!!!!!!!!!!!!!!!!!!!!!!!!!!!!!!!!!!
INFO  [2013-11-26 20:57:47,519] com.yammer.dropwizard.cli.ServerCommand: Starting library-service
INFO  [2013-11-26 20:57:47,520] org.eclipse.jetty.server.Server: jetty-8.y.z-SNAPSHOT
INFO  [2013-11-26 20:57:47,587] com.sun.jersey.server.impl.application.WebApplicationImpl: Initiating Jersey application, version 'Jersey: 1.17.1 02/28/2013 12:47 PM'
INFO  [2013-11-26 20:57:47,640] com.yammer.dropwizard.config.Environment: The following paths were found for the configured resources:

    GET     /bagpack/v1/ (edu.sjsu.cmpe.dropbox.api.resources.RootResource)
    DELETE  /bagpack/v1/users/{userID} (edu.sjsu.cmpe.dropbox.api.resources.DropboxResource)
    DELETE  /bagpack/v1/users/{userID}/files/{id} (edu.sjsu.cmpe.dropbox.api.resources.DropboxResource)
    GET     /bagpack/v1/users (edu.sjsu.cmpe.dropbox.api.resources.DropboxResource)
    GET     /bagpack/v1/users/login (edu.sjsu.cmpe.dropbox.api.resources.DropboxResource)
    GET     /bagpack/v1/users/signup (edu.sjsu.cmpe.dropbox.api.resources.DropboxResource)
    GET     /bagpack/v1/users/{userID} (edu.sjsu.cmpe.dropbox.api.resources.DropboxResource)
    GET     /bagpack/v1/users/{userID}/files (edu.sjsu.cmpe.dropbox.api.resources.DropboxResource)
    GET     /bagpack/v1/users/{userID}/files/createFile (edu.sjsu.cmpe.dropbox.api.resources.DropboxResource)
    GET     /bagpack/v1/users/{userID}/files/{id} (edu.sjsu.cmpe.dropbox.api.resources.DropboxResource)
    GET     /bagpack/v1/users/{userID}/filesShared (edu.sjsu.cmpe.dropbox.api.resources.DropboxResource)
    GET     /bagpack/v1/users/{userID}/filesShared/{id} (edu.sjsu.cmpe.dropbox.api.resources.DropboxResource)
    GET     /bagpack/v1/users/{userID}/publicfiles/{id} (edu.sjsu.cmpe.dropbox.api.resources.DropboxResource)
    POST    /bagpack/v1/users/login (edu.sjsu.cmpe.dropbox.api.resources.DropboxResource)
    POST    /bagpack/v1/users/signup (edu.sjsu.cmpe.dropbox.api.resources.DropboxResource)
    POST    /bagpack/v1/users/{userID}/files (edu.sjsu.cmpe.dropbox.api.resources.DropboxResource)
    POST    /bagpack/v1/users/{userID}/publicFiles (edu.sjsu.cmpe.dropbox.api.resources.DropboxResource)
    PUT     /bagpack/v1/users/{userID} (edu.sjsu.cmpe.dropbox.api.resources.DropboxResource)
    PUT     /bagpack/v1/users/{userID}/files/{id} (edu.sjsu.cmpe.dropbox.api.resources.DropboxResource)

INFO  [2013-11-26 20:57:47,640] com.yammer.dropwizard.config.Environment: tasks = 

    POST    /tasks/gc (com.yammer.dropwizard.tasks.GarbageCollectionTask)

INFO  [2013-11-26 20:57:47,810] org.eclipse.jetty.server.AbstractConnector: Started InstrumentedBlockingChannelConnector@0.0.0.0:8002
INFO  [2013-11-26 20:57:47,811] org.eclipse.jetty.server.AbstractConnector: Started SocketConnector@0.0.0.0:8081
INFO  [2013-11-26 20:59:18,246] org.eclipse.jetty.server.Server: Graceful shutdown SocketConnector@0.0.0.0:8081
INFO  [2013-11-26 20:59:18,246] org.eclipse.jetty.server.Server: Graceful shutdown InstrumentedBlockingChannelConnector@0.0.0.0:8002
INFO  [2013-11-26 20:59:18,246] org.eclipse.jetty.server.Server: Graceful shutdown o.e.j.s.ServletContextHandler{/,null}
INFO  [2013-11-26 20:59:18,246] org.eclipse.jetty.server.Server: Graceful shutdown o.e.j.s.ServletContextHandler{/,null}
WARN  [2013-11-26 20:59:33,475] com.yammer.dropwizard.config.ServerFactory: 
!!!!!!!!!!!!!!!!!!!!!!!!!!!!!!!!!!!!!!!!!!!!!!!!!!!!!!!!!!!!!!!!!!!!!!!!!!!!!!!!
!!!!!!!!!!!!!!!!!!!!!!!!!!!!!!!!!!!!!!!!!!!!!!!!!!!!!!!!!!!!!!!!!!!!!!!!!!!!!!!!
!    THIS SERVICE HAS NO HEALTHCHECKS. THIS MEANS YOU WILL NEVER KNOW IF IT    !
!    DIES IN PRODUCTION, WHICH MEANS YOU WILL NEVER KNOW IF YOU'RE LETTING     !
!     YOUR USERS DOWN. YOU SHOULD ADD A HEALTHCHECK FOR EACH DEPENDENCY OF     !
!     YOUR SERVICE WHICH FULLY (BUT LIGHTLY) TESTS YOUR SERVICE'S ABILITY TO   !
!      USE THAT SERVICE. THINK OF IT AS A CONTINUOUS INTEGRATION TEST.         !
!!!!!!!!!!!!!!!!!!!!!!!!!!!!!!!!!!!!!!!!!!!!!!!!!!!!!!!!!!!!!!!!!!!!!!!!!!!!!!!!
!!!!!!!!!!!!!!!!!!!!!!!!!!!!!!!!!!!!!!!!!!!!!!!!!!!!!!!!!!!!!!!!!!!!!!!!!!!!!!!!
INFO  [2013-11-26 20:59:33,534] com.yammer.dropwizard.cli.ServerCommand: Starting library-service
INFO  [2013-11-26 20:59:33,535] org.eclipse.jetty.server.Server: jetty-8.y.z-SNAPSHOT
INFO  [2013-11-26 20:59:33,603] com.sun.jersey.server.impl.application.WebApplicationImpl: Initiating Jersey application, version 'Jersey: 1.17.1 02/28/2013 12:47 PM'
INFO  [2013-11-26 20:59:33,656] com.yammer.dropwizard.config.Environment: The following paths were found for the configured resources:

    GET     /bagpack/v1/ (edu.sjsu.cmpe.dropbox.api.resources.RootResource)
    DELETE  /bagpack/v1/users/{userID} (edu.sjsu.cmpe.dropbox.api.resources.DropboxResource)
    DELETE  /bagpack/v1/users/{userID}/files/{id} (edu.sjsu.cmpe.dropbox.api.resources.DropboxResource)
    GET     /bagpack/v1/users (edu.sjsu.cmpe.dropbox.api.resources.DropboxResource)
    GET     /bagpack/v1/users/login (edu.sjsu.cmpe.dropbox.api.resources.DropboxResource)
    GET     /bagpack/v1/users/signup (edu.sjsu.cmpe.dropbox.api.resources.DropboxResource)
    GET     /bagpack/v1/users/{userID} (edu.sjsu.cmpe.dropbox.api.resources.DropboxResource)
    GET     /bagpack/v1/users/{userID}/files (edu.sjsu.cmpe.dropbox.api.resources.DropboxResource)
    GET     /bagpack/v1/users/{userID}/files/createFile (edu.sjsu.cmpe.dropbox.api.resources.DropboxResource)
    GET     /bagpack/v1/users/{userID}/files/{id} (edu.sjsu.cmpe.dropbox.api.resources.DropboxResource)
    GET     /bagpack/v1/users/{userID}/filesShared (edu.sjsu.cmpe.dropbox.api.resources.DropboxResource)
    GET     /bagpack/v1/users/{userID}/filesShared/{id} (edu.sjsu.cmpe.dropbox.api.resources.DropboxResource)
    GET     /bagpack/v1/users/{userID}/publicfiles/{id} (edu.sjsu.cmpe.dropbox.api.resources.DropboxResource)
    POST    /bagpack/v1/users/login (edu.sjsu.cmpe.dropbox.api.resources.DropboxResource)
    POST    /bagpack/v1/users/signup (edu.sjsu.cmpe.dropbox.api.resources.DropboxResource)
    POST    /bagpack/v1/users/{userID}/files (edu.sjsu.cmpe.dropbox.api.resources.DropboxResource)
    POST    /bagpack/v1/users/{userID}/publicFiles (edu.sjsu.cmpe.dropbox.api.resources.DropboxResource)
    PUT     /bagpack/v1/users/{userID} (edu.sjsu.cmpe.dropbox.api.resources.DropboxResource)
    PUT     /bagpack/v1/users/{userID}/files/{id} (edu.sjsu.cmpe.dropbox.api.resources.DropboxResource)

INFO  [2013-11-26 20:59:33,656] com.yammer.dropwizard.config.Environment: tasks = 

    POST    /tasks/gc (com.yammer.dropwizard.tasks.GarbageCollectionTask)

INFO  [2013-11-26 20:59:33,831] org.eclipse.jetty.server.AbstractConnector: Started InstrumentedBlockingChannelConnector@0.0.0.0:8002
INFO  [2013-11-26 20:59:33,832] org.eclipse.jetty.server.AbstractConnector: Started SocketConnector@0.0.0.0:8081
INFO  [2013-11-26 21:04:25,284] org.eclipse.jetty.server.Server: Graceful shutdown SocketConnector@0.0.0.0:8081
INFO  [2013-11-26 21:04:25,284] org.eclipse.jetty.server.Server: Graceful shutdown InstrumentedBlockingChannelConnector@0.0.0.0:8002
INFO  [2013-11-26 21:04:25,285] org.eclipse.jetty.server.Server: Graceful shutdown o.e.j.s.ServletContextHandler{/,null}
INFO  [2013-11-26 21:04:25,285] org.eclipse.jetty.server.Server: Graceful shutdown o.e.j.s.ServletContextHandler{/,null}
WARN  [2013-11-26 21:04:36,038] com.yammer.dropwizard.config.ServerFactory: 
!!!!!!!!!!!!!!!!!!!!!!!!!!!!!!!!!!!!!!!!!!!!!!!!!!!!!!!!!!!!!!!!!!!!!!!!!!!!!!!!
!!!!!!!!!!!!!!!!!!!!!!!!!!!!!!!!!!!!!!!!!!!!!!!!!!!!!!!!!!!!!!!!!!!!!!!!!!!!!!!!
!    THIS SERVICE HAS NO HEALTHCHECKS. THIS MEANS YOU WILL NEVER KNOW IF IT    !
!    DIES IN PRODUCTION, WHICH MEANS YOU WILL NEVER KNOW IF YOU'RE LETTING     !
!     YOUR USERS DOWN. YOU SHOULD ADD A HEALTHCHECK FOR EACH DEPENDENCY OF     !
!     YOUR SERVICE WHICH FULLY (BUT LIGHTLY) TESTS YOUR SERVICE'S ABILITY TO   !
!      USE THAT SERVICE. THINK OF IT AS A CONTINUOUS INTEGRATION TEST.         !
!!!!!!!!!!!!!!!!!!!!!!!!!!!!!!!!!!!!!!!!!!!!!!!!!!!!!!!!!!!!!!!!!!!!!!!!!!!!!!!!
!!!!!!!!!!!!!!!!!!!!!!!!!!!!!!!!!!!!!!!!!!!!!!!!!!!!!!!!!!!!!!!!!!!!!!!!!!!!!!!!
INFO  [2013-11-26 21:04:36,098] com.yammer.dropwizard.cli.ServerCommand: Starting library-service
INFO  [2013-11-26 21:04:36,099] org.eclipse.jetty.server.Server: jetty-8.y.z-SNAPSHOT
INFO  [2013-11-26 21:04:36,167] com.sun.jersey.server.impl.application.WebApplicationImpl: Initiating Jersey application, version 'Jersey: 1.17.1 02/28/2013 12:47 PM'
INFO  [2013-11-26 21:04:36,220] com.yammer.dropwizard.config.Environment: The following paths were found for the configured resources:

    GET     /bagpack/v1/ (edu.sjsu.cmpe.dropbox.api.resources.RootResource)
    DELETE  /bagpack/v1/users/{userID} (edu.sjsu.cmpe.dropbox.api.resources.DropboxResource)
    DELETE  /bagpack/v1/users/{userID}/files/{id} (edu.sjsu.cmpe.dropbox.api.resources.DropboxResource)
    GET     /bagpack/v1/users (edu.sjsu.cmpe.dropbox.api.resources.DropboxResource)
    GET     /bagpack/v1/users/login (edu.sjsu.cmpe.dropbox.api.resources.DropboxResource)
    GET     /bagpack/v1/users/signup (edu.sjsu.cmpe.dropbox.api.resources.DropboxResource)
    GET     /bagpack/v1/users/{userID} (edu.sjsu.cmpe.dropbox.api.resources.DropboxResource)
    GET     /bagpack/v1/users/{userID}/files (edu.sjsu.cmpe.dropbox.api.resources.DropboxResource)
    GET     /bagpack/v1/users/{userID}/files/createFile (edu.sjsu.cmpe.dropbox.api.resources.DropboxResource)
    GET     /bagpack/v1/users/{userID}/files/{id} (edu.sjsu.cmpe.dropbox.api.resources.DropboxResource)
    GET     /bagpack/v1/users/{userID}/filesShared (edu.sjsu.cmpe.dropbox.api.resources.DropboxResource)
    GET     /bagpack/v1/users/{userID}/filesShared/{id} (edu.sjsu.cmpe.dropbox.api.resources.DropboxResource)
    GET     /bagpack/v1/users/{userID}/publicfiles/{id} (edu.sjsu.cmpe.dropbox.api.resources.DropboxResource)
    POST    /bagpack/v1/users/login (edu.sjsu.cmpe.dropbox.api.resources.DropboxResource)
    POST    /bagpack/v1/users/signup (edu.sjsu.cmpe.dropbox.api.resources.DropboxResource)
    POST    /bagpack/v1/users/{userID}/files (edu.sjsu.cmpe.dropbox.api.resources.DropboxResource)
    POST    /bagpack/v1/users/{userID}/publicFiles (edu.sjsu.cmpe.dropbox.api.resources.DropboxResource)
    PUT     /bagpack/v1/users/{userID} (edu.sjsu.cmpe.dropbox.api.resources.DropboxResource)
    PUT     /bagpack/v1/users/{userID}/files/{id} (edu.sjsu.cmpe.dropbox.api.resources.DropboxResource)

INFO  [2013-11-26 21:04:36,221] com.yammer.dropwizard.config.Environment: tasks = 

    POST    /tasks/gc (com.yammer.dropwizard.tasks.GarbageCollectionTask)

INFO  [2013-11-26 21:04:36,405] org.eclipse.jetty.server.AbstractConnector: Started InstrumentedBlockingChannelConnector@0.0.0.0:8002
INFO  [2013-11-26 21:04:36,406] org.eclipse.jetty.server.AbstractConnector: Started SocketConnector@0.0.0.0:8081
INFO  [2013-11-26 21:13:41,383] org.eclipse.jetty.server.Server: Graceful shutdown SocketConnector@0.0.0.0:8081
INFO  [2013-11-26 21:13:41,383] org.eclipse.jetty.server.Server: Graceful shutdown InstrumentedBlockingChannelConnector@0.0.0.0:8002
INFO  [2013-11-26 21:13:41,383] org.eclipse.jetty.server.Server: Graceful shutdown o.e.j.s.ServletContextHandler{/,null}
INFO  [2013-11-26 21:13:41,383] org.eclipse.jetty.server.Server: Graceful shutdown o.e.j.s.ServletContextHandler{/,null}
WARN  [2013-11-26 21:13:51,197] com.yammer.dropwizard.config.ServerFactory: 
!!!!!!!!!!!!!!!!!!!!!!!!!!!!!!!!!!!!!!!!!!!!!!!!!!!!!!!!!!!!!!!!!!!!!!!!!!!!!!!!
!!!!!!!!!!!!!!!!!!!!!!!!!!!!!!!!!!!!!!!!!!!!!!!!!!!!!!!!!!!!!!!!!!!!!!!!!!!!!!!!
!    THIS SERVICE HAS NO HEALTHCHECKS. THIS MEANS YOU WILL NEVER KNOW IF IT    !
!    DIES IN PRODUCTION, WHICH MEANS YOU WILL NEVER KNOW IF YOU'RE LETTING     !
!     YOUR USERS DOWN. YOU SHOULD ADD A HEALTHCHECK FOR EACH DEPENDENCY OF     !
!     YOUR SERVICE WHICH FULLY (BUT LIGHTLY) TESTS YOUR SERVICE'S ABILITY TO   !
!      USE THAT SERVICE. THINK OF IT AS A CONTINUOUS INTEGRATION TEST.         !
!!!!!!!!!!!!!!!!!!!!!!!!!!!!!!!!!!!!!!!!!!!!!!!!!!!!!!!!!!!!!!!!!!!!!!!!!!!!!!!!
!!!!!!!!!!!!!!!!!!!!!!!!!!!!!!!!!!!!!!!!!!!!!!!!!!!!!!!!!!!!!!!!!!!!!!!!!!!!!!!!
INFO  [2013-11-26 21:13:51,257] com.yammer.dropwizard.cli.ServerCommand: Starting library-service
INFO  [2013-11-26 21:13:51,259] org.eclipse.jetty.server.Server: jetty-8.y.z-SNAPSHOT
INFO  [2013-11-26 21:13:51,326] com.sun.jersey.server.impl.application.WebApplicationImpl: Initiating Jersey application, version 'Jersey: 1.17.1 02/28/2013 12:47 PM'
INFO  [2013-11-26 21:13:51,380] com.yammer.dropwizard.config.Environment: The following paths were found for the configured resources:

    GET     /bagpack/v1/ (edu.sjsu.cmpe.dropbox.api.resources.RootResource)
    DELETE  /bagpack/v1/users/{userID} (edu.sjsu.cmpe.dropbox.api.resources.DropboxResource)
    DELETE  /bagpack/v1/users/{userID}/files/{id} (edu.sjsu.cmpe.dropbox.api.resources.DropboxResource)
    GET     /bagpack/v1/users (edu.sjsu.cmpe.dropbox.api.resources.DropboxResource)
    GET     /bagpack/v1/users/login (edu.sjsu.cmpe.dropbox.api.resources.DropboxResource)
    GET     /bagpack/v1/users/signup (edu.sjsu.cmpe.dropbox.api.resources.DropboxResource)
    GET     /bagpack/v1/users/{userID} (edu.sjsu.cmpe.dropbox.api.resources.DropboxResource)
    GET     /bagpack/v1/users/{userID}/files (edu.sjsu.cmpe.dropbox.api.resources.DropboxResource)
    GET     /bagpack/v1/users/{userID}/files/createFile (edu.sjsu.cmpe.dropbox.api.resources.DropboxResource)
    GET     /bagpack/v1/users/{userID}/files/{id} (edu.sjsu.cmpe.dropbox.api.resources.DropboxResource)
    GET     /bagpack/v1/users/{userID}/filesShared (edu.sjsu.cmpe.dropbox.api.resources.DropboxResource)
    GET     /bagpack/v1/users/{userID}/filesShared/{id} (edu.sjsu.cmpe.dropbox.api.resources.DropboxResource)
    GET     /bagpack/v1/users/{userID}/publicfiles/{id} (edu.sjsu.cmpe.dropbox.api.resources.DropboxResource)
    POST    /bagpack/v1/users/login (edu.sjsu.cmpe.dropbox.api.resources.DropboxResource)
    POST    /bagpack/v1/users/signup (edu.sjsu.cmpe.dropbox.api.resources.DropboxResource)
    POST    /bagpack/v1/users/{userID}/files (edu.sjsu.cmpe.dropbox.api.resources.DropboxResource)
    POST    /bagpack/v1/users/{userID}/publicFiles (edu.sjsu.cmpe.dropbox.api.resources.DropboxResource)
    PUT     /bagpack/v1/users/{userID} (edu.sjsu.cmpe.dropbox.api.resources.DropboxResource)
    PUT     /bagpack/v1/users/{userID}/files/{id} (edu.sjsu.cmpe.dropbox.api.resources.DropboxResource)

INFO  [2013-11-26 21:13:51,380] com.yammer.dropwizard.config.Environment: tasks = 

    POST    /tasks/gc (com.yammer.dropwizard.tasks.GarbageCollectionTask)

INFO  [2013-11-26 21:13:51,553] org.eclipse.jetty.server.AbstractConnector: Started InstrumentedBlockingChannelConnector@0.0.0.0:8002
INFO  [2013-11-26 21:13:51,554] org.eclipse.jetty.server.AbstractConnector: Started SocketConnector@0.0.0.0:8081
INFO  [2013-11-26 21:21:47,614] org.eclipse.jetty.server.Server: Graceful shutdown SocketConnector@0.0.0.0:8081
INFO  [2013-11-26 21:21:47,614] org.eclipse.jetty.server.Server: Graceful shutdown InstrumentedBlockingChannelConnector@0.0.0.0:8002
INFO  [2013-11-26 21:21:47,614] org.eclipse.jetty.server.Server: Graceful shutdown o.e.j.s.ServletContextHandler{/,null}
INFO  [2013-11-26 21:21:47,614] org.eclipse.jetty.server.Server: Graceful shutdown o.e.j.s.ServletContextHandler{/,null}
WARN  [2013-11-26 21:26:27,165] com.yammer.dropwizard.config.ServerFactory: 
!!!!!!!!!!!!!!!!!!!!!!!!!!!!!!!!!!!!!!!!!!!!!!!!!!!!!!!!!!!!!!!!!!!!!!!!!!!!!!!!
!!!!!!!!!!!!!!!!!!!!!!!!!!!!!!!!!!!!!!!!!!!!!!!!!!!!!!!!!!!!!!!!!!!!!!!!!!!!!!!!
!    THIS SERVICE HAS NO HEALTHCHECKS. THIS MEANS YOU WILL NEVER KNOW IF IT    !
!    DIES IN PRODUCTION, WHICH MEANS YOU WILL NEVER KNOW IF YOU'RE LETTING     !
!     YOUR USERS DOWN. YOU SHOULD ADD A HEALTHCHECK FOR EACH DEPENDENCY OF     !
!     YOUR SERVICE WHICH FULLY (BUT LIGHTLY) TESTS YOUR SERVICE'S ABILITY TO   !
!      USE THAT SERVICE. THINK OF IT AS A CONTINUOUS INTEGRATION TEST.         !
!!!!!!!!!!!!!!!!!!!!!!!!!!!!!!!!!!!!!!!!!!!!!!!!!!!!!!!!!!!!!!!!!!!!!!!!!!!!!!!!
!!!!!!!!!!!!!!!!!!!!!!!!!!!!!!!!!!!!!!!!!!!!!!!!!!!!!!!!!!!!!!!!!!!!!!!!!!!!!!!!
INFO  [2013-11-26 21:26:27,224] com.yammer.dropwizard.cli.ServerCommand: Starting library-service
INFO  [2013-11-26 21:26:27,225] org.eclipse.jetty.server.Server: jetty-8.y.z-SNAPSHOT
INFO  [2013-11-26 21:26:27,293] com.sun.jersey.server.impl.application.WebApplicationImpl: Initiating Jersey application, version 'Jersey: 1.17.1 02/28/2013 12:47 PM'
INFO  [2013-11-26 21:26:27,346] com.yammer.dropwizard.config.Environment: The following paths were found for the configured resources:

    GET     /bagpack/v1/ (edu.sjsu.cmpe.bagpack.api.resources.RootResource)
    DELETE  /bagpack/v1/users/{userID} (edu.sjsu.cmpe.bagpack.api.resources.DropboxResource)
    DELETE  /bagpack/v1/users/{userID}/files/{id} (edu.sjsu.cmpe.bagpack.api.resources.DropboxResource)
    GET     /bagpack/v1/users (edu.sjsu.cmpe.bagpack.api.resources.DropboxResource)
    GET     /bagpack/v1/users/login (edu.sjsu.cmpe.bagpack.api.resources.DropboxResource)
    GET     /bagpack/v1/users/signup (edu.sjsu.cmpe.bagpack.api.resources.DropboxResource)
    GET     /bagpack/v1/users/{userID} (edu.sjsu.cmpe.bagpack.api.resources.DropboxResource)
    GET     /bagpack/v1/users/{userID}/files (edu.sjsu.cmpe.bagpack.api.resources.DropboxResource)
    GET     /bagpack/v1/users/{userID}/files/createFile (edu.sjsu.cmpe.bagpack.api.resources.DropboxResource)
    GET     /bagpack/v1/users/{userID}/files/{id} (edu.sjsu.cmpe.bagpack.api.resources.DropboxResource)
    GET     /bagpack/v1/users/{userID}/filesShared (edu.sjsu.cmpe.bagpack.api.resources.DropboxResource)
    GET     /bagpack/v1/users/{userID}/filesShared/{id} (edu.sjsu.cmpe.bagpack.api.resources.DropboxResource)
    GET     /bagpack/v1/users/{userID}/publicfiles/{id} (edu.sjsu.cmpe.bagpack.api.resources.DropboxResource)
    POST    /bagpack/v1/users/login (edu.sjsu.cmpe.bagpack.api.resources.DropboxResource)
    POST    /bagpack/v1/users/signup (edu.sjsu.cmpe.bagpack.api.resources.DropboxResource)
    POST    /bagpack/v1/users/{userID}/files (edu.sjsu.cmpe.bagpack.api.resources.DropboxResource)
    POST    /bagpack/v1/users/{userID}/publicFiles (edu.sjsu.cmpe.bagpack.api.resources.DropboxResource)
    PUT     /bagpack/v1/users/{userID} (edu.sjsu.cmpe.bagpack.api.resources.DropboxResource)
    PUT     /bagpack/v1/users/{userID}/files/{id} (edu.sjsu.cmpe.bagpack.api.resources.DropboxResource)

INFO  [2013-11-26 21:26:27,346] com.yammer.dropwizard.config.Environment: tasks = 

    POST    /tasks/gc (com.yammer.dropwizard.tasks.GarbageCollectionTask)

INFO  [2013-11-26 21:26:27,519] org.eclipse.jetty.server.AbstractConnector: Started InstrumentedBlockingChannelConnector@0.0.0.0:8002
INFO  [2013-11-26 21:26:27,520] org.eclipse.jetty.server.AbstractConnector: Started SocketConnector@0.0.0.0:8081
INFO  [2013-11-26 21:29:09,623] org.eclipse.jetty.server.Server: Graceful shutdown SocketConnector@0.0.0.0:8081
INFO  [2013-11-26 21:29:09,623] org.eclipse.jetty.server.Server: Graceful shutdown InstrumentedBlockingChannelConnector@0.0.0.0:8002
INFO  [2013-11-26 21:29:09,624] org.eclipse.jetty.server.Server: Graceful shutdown o.e.j.s.ServletContextHandler{/,null}
INFO  [2013-11-26 21:29:09,624] org.eclipse.jetty.server.Server: Graceful shutdown o.e.j.s.ServletContextHandler{/,null}
WARN  [2013-11-26 21:29:22,713] com.yammer.dropwizard.config.ServerFactory: 
!!!!!!!!!!!!!!!!!!!!!!!!!!!!!!!!!!!!!!!!!!!!!!!!!!!!!!!!!!!!!!!!!!!!!!!!!!!!!!!!
!!!!!!!!!!!!!!!!!!!!!!!!!!!!!!!!!!!!!!!!!!!!!!!!!!!!!!!!!!!!!!!!!!!!!!!!!!!!!!!!
!    THIS SERVICE HAS NO HEALTHCHECKS. THIS MEANS YOU WILL NEVER KNOW IF IT    !
!    DIES IN PRODUCTION, WHICH MEANS YOU WILL NEVER KNOW IF YOU'RE LETTING     !
!     YOUR USERS DOWN. YOU SHOULD ADD A HEALTHCHECK FOR EACH DEPENDENCY OF     !
!     YOUR SERVICE WHICH FULLY (BUT LIGHTLY) TESTS YOUR SERVICE'S ABILITY TO   !
!      USE THAT SERVICE. THINK OF IT AS A CONTINUOUS INTEGRATION TEST.         !
!!!!!!!!!!!!!!!!!!!!!!!!!!!!!!!!!!!!!!!!!!!!!!!!!!!!!!!!!!!!!!!!!!!!!!!!!!!!!!!!
!!!!!!!!!!!!!!!!!!!!!!!!!!!!!!!!!!!!!!!!!!!!!!!!!!!!!!!!!!!!!!!!!!!!!!!!!!!!!!!!
INFO  [2013-11-26 21:29:22,772] com.yammer.dropwizard.cli.ServerCommand: Starting library-service
INFO  [2013-11-26 21:29:22,773] org.eclipse.jetty.server.Server: jetty-8.y.z-SNAPSHOT
INFO  [2013-11-26 21:29:22,840] com.sun.jersey.server.impl.application.WebApplicationImpl: Initiating Jersey application, version 'Jersey: 1.17.1 02/28/2013 12:47 PM'
INFO  [2013-11-26 21:29:22,894] com.yammer.dropwizard.config.Environment: The following paths were found for the configured resources:

    GET     /bagpack/v1/ (edu.sjsu.cmpe.bagpack.api.resources.RootResource)
    DELETE  /bagpack/v1/users/{userID} (edu.sjsu.cmpe.bagpack.api.resources.BagpackResource)
    DELETE  /bagpack/v1/users/{userID}/files/{id} (edu.sjsu.cmpe.bagpack.api.resources.BagpackResource)
    GET     /bagpack/v1/users (edu.sjsu.cmpe.bagpack.api.resources.BagpackResource)
    GET     /bagpack/v1/users/login (edu.sjsu.cmpe.bagpack.api.resources.BagpackResource)
    GET     /bagpack/v1/users/signup (edu.sjsu.cmpe.bagpack.api.resources.BagpackResource)
    GET     /bagpack/v1/users/{userID} (edu.sjsu.cmpe.bagpack.api.resources.BagpackResource)
    GET     /bagpack/v1/users/{userID}/files (edu.sjsu.cmpe.bagpack.api.resources.BagpackResource)
    GET     /bagpack/v1/users/{userID}/files/createFile (edu.sjsu.cmpe.bagpack.api.resources.BagpackResource)
    GET     /bagpack/v1/users/{userID}/files/{id} (edu.sjsu.cmpe.bagpack.api.resources.BagpackResource)
    GET     /bagpack/v1/users/{userID}/filesShared (edu.sjsu.cmpe.bagpack.api.resources.BagpackResource)
    GET     /bagpack/v1/users/{userID}/filesShared/{id} (edu.sjsu.cmpe.bagpack.api.resources.BagpackResource)
    GET     /bagpack/v1/users/{userID}/publicfiles/{id} (edu.sjsu.cmpe.bagpack.api.resources.BagpackResource)
    POST    /bagpack/v1/users/login (edu.sjsu.cmpe.bagpack.api.resources.BagpackResource)
    POST    /bagpack/v1/users/signup (edu.sjsu.cmpe.bagpack.api.resources.BagpackResource)
    POST    /bagpack/v1/users/{userID}/files (edu.sjsu.cmpe.bagpack.api.resources.BagpackResource)
    POST    /bagpack/v1/users/{userID}/publicFiles (edu.sjsu.cmpe.bagpack.api.resources.BagpackResource)
    PUT     /bagpack/v1/users/{userID} (edu.sjsu.cmpe.bagpack.api.resources.BagpackResource)
    PUT     /bagpack/v1/users/{userID}/files/{id} (edu.sjsu.cmpe.bagpack.api.resources.BagpackResource)

INFO  [2013-11-26 21:29:22,894] com.yammer.dropwizard.config.Environment: tasks = 

    POST    /tasks/gc (com.yammer.dropwizard.tasks.GarbageCollectionTask)

INFO  [2013-11-26 21:29:23,064] org.eclipse.jetty.server.AbstractConnector: Started InstrumentedBlockingChannelConnector@0.0.0.0:8002
INFO  [2013-11-26 21:29:23,065] org.eclipse.jetty.server.AbstractConnector: Started SocketConnector@0.0.0.0:8081
INFO  [2013-11-26 21:31:04,462] org.eclipse.jetty.server.Server: Graceful shutdown SocketConnector@0.0.0.0:8081
INFO  [2013-11-26 21:31:04,462] org.eclipse.jetty.server.Server: Graceful shutdown InstrumentedBlockingChannelConnector@0.0.0.0:8002
INFO  [2013-11-26 21:31:04,463] org.eclipse.jetty.server.Server: Graceful shutdown o.e.j.s.ServletContextHandler{/,null}
INFO  [2013-11-26 21:31:04,463] org.eclipse.jetty.server.Server: Graceful shutdown o.e.j.s.ServletContextHandler{/,null}
WARN  [2013-11-26 21:31:14,140] com.yammer.dropwizard.config.ServerFactory: 
!!!!!!!!!!!!!!!!!!!!!!!!!!!!!!!!!!!!!!!!!!!!!!!!!!!!!!!!!!!!!!!!!!!!!!!!!!!!!!!!
!!!!!!!!!!!!!!!!!!!!!!!!!!!!!!!!!!!!!!!!!!!!!!!!!!!!!!!!!!!!!!!!!!!!!!!!!!!!!!!!
!    THIS SERVICE HAS NO HEALTHCHECKS. THIS MEANS YOU WILL NEVER KNOW IF IT    !
!    DIES IN PRODUCTION, WHICH MEANS YOU WILL NEVER KNOW IF YOU'RE LETTING     !
!     YOUR USERS DOWN. YOU SHOULD ADD A HEALTHCHECK FOR EACH DEPENDENCY OF     !
!     YOUR SERVICE WHICH FULLY (BUT LIGHTLY) TESTS YOUR SERVICE'S ABILITY TO   !
!      USE THAT SERVICE. THINK OF IT AS A CONTINUOUS INTEGRATION TEST.         !
!!!!!!!!!!!!!!!!!!!!!!!!!!!!!!!!!!!!!!!!!!!!!!!!!!!!!!!!!!!!!!!!!!!!!!!!!!!!!!!!
!!!!!!!!!!!!!!!!!!!!!!!!!!!!!!!!!!!!!!!!!!!!!!!!!!!!!!!!!!!!!!!!!!!!!!!!!!!!!!!!
INFO  [2013-11-26 21:31:14,198] com.yammer.dropwizard.cli.ServerCommand: Starting library-service
INFO  [2013-11-26 21:31:14,200] org.eclipse.jetty.server.Server: jetty-8.y.z-SNAPSHOT
INFO  [2013-11-26 21:31:14,268] com.sun.jersey.server.impl.application.WebApplicationImpl: Initiating Jersey application, version 'Jersey: 1.17.1 02/28/2013 12:47 PM'
INFO  [2013-11-26 21:31:14,327] com.yammer.dropwizard.config.Environment: The following paths were found for the configured resources:

    GET     /bagpack/v1/ (edu.sjsu.cmpe.bagpack.api.resources.RootResource)
    DELETE  /bagpack/v1/users/{userID} (edu.sjsu.cmpe.bagpack.api.resources.BagpackResource)
    DELETE  /bagpack/v1/users/{userID}/files/{id} (edu.sjsu.cmpe.bagpack.api.resources.BagpackResource)
    GET     /bagpack/v1/users (edu.sjsu.cmpe.bagpack.api.resources.BagpackResource)
    GET     /bagpack/v1/users/login (edu.sjsu.cmpe.bagpack.api.resources.BagpackResource)
    GET     /bagpack/v1/users/signup (edu.sjsu.cmpe.bagpack.api.resources.BagpackResource)
    GET     /bagpack/v1/users/{userID} (edu.sjsu.cmpe.bagpack.api.resources.BagpackResource)
    GET     /bagpack/v1/users/{userID}/files (edu.sjsu.cmpe.bagpack.api.resources.BagpackResource)
    GET     /bagpack/v1/users/{userID}/files/createFile (edu.sjsu.cmpe.bagpack.api.resources.BagpackResource)
    GET     /bagpack/v1/users/{userID}/files/{id} (edu.sjsu.cmpe.bagpack.api.resources.BagpackResource)
    GET     /bagpack/v1/users/{userID}/filesShared (edu.sjsu.cmpe.bagpack.api.resources.BagpackResource)
    GET     /bagpack/v1/users/{userID}/filesShared/{id} (edu.sjsu.cmpe.bagpack.api.resources.BagpackResource)
    GET     /bagpack/v1/users/{userID}/publicfiles/{id} (edu.sjsu.cmpe.bagpack.api.resources.BagpackResource)
    POST    /bagpack/v1/users/login (edu.sjsu.cmpe.bagpack.api.resources.BagpackResource)
    POST    /bagpack/v1/users/signup (edu.sjsu.cmpe.bagpack.api.resources.BagpackResource)
    POST    /bagpack/v1/users/{userID}/files (edu.sjsu.cmpe.bagpack.api.resources.BagpackResource)
    POST    /bagpack/v1/users/{userID}/publicFiles (edu.sjsu.cmpe.bagpack.api.resources.BagpackResource)
    PUT     /bagpack/v1/users/{userID} (edu.sjsu.cmpe.bagpack.api.resources.BagpackResource)
    PUT     /bagpack/v1/users/{userID}/files/{id} (edu.sjsu.cmpe.bagpack.api.resources.BagpackResource)

INFO  [2013-11-26 21:31:14,327] com.yammer.dropwizard.config.Environment: tasks = 

    POST    /tasks/gc (com.yammer.dropwizard.tasks.GarbageCollectionTask)

INFO  [2013-11-26 21:31:14,504] org.eclipse.jetty.server.AbstractConnector: Started InstrumentedBlockingChannelConnector@0.0.0.0:8002
INFO  [2013-11-26 21:31:14,505] org.eclipse.jetty.server.AbstractConnector: Started SocketConnector@0.0.0.0:8081
INFO  [2013-11-26 21:36:45,449] org.eclipse.jetty.server.Server: Graceful shutdown SocketConnector@0.0.0.0:8081
INFO  [2013-11-26 21:36:45,449] org.eclipse.jetty.server.Server: Graceful shutdown InstrumentedBlockingChannelConnector@0.0.0.0:8002
INFO  [2013-11-26 21:36:45,449] org.eclipse.jetty.server.Server: Graceful shutdown o.e.j.s.ServletContextHandler{/,null}
INFO  [2013-11-26 21:36:45,449] org.eclipse.jetty.server.Server: Graceful shutdown o.e.j.s.ServletContextHandler{/,null}
