WARN  [2013-11-26 19:11:02,956] com.yammer.dropwizard.config.ServerFactory: 
!!!!!!!!!!!!!!!!!!!!!!!!!!!!!!!!!!!!!!!!!!!!!!!!!!!!!!!!!!!!!!!!!!!!!!!!!!!!!!!!
!!!!!!!!!!!!!!!!!!!!!!!!!!!!!!!!!!!!!!!!!!!!!!!!!!!!!!!!!!!!!!!!!!!!!!!!!!!!!!!!
!    THIS SERVICE HAS NO HEALTHCHECKS. THIS MEANS YOU WILL NEVER KNOW IF IT    !
!    DIES IN PRODUCTION, WHICH MEANS YOU WILL NEVER KNOW IF YOU'RE LETTING     !
!     YOUR USERS DOWN. YOU SHOULD ADD A HEALTHCHECK FOR EACH DEPENDENCY OF     !
!     YOUR SERVICE WHICH FULLY (BUT LIGHTLY) TESTS YOUR SERVICE'S ABILITY TO   !
!      USE THAT SERVICE. THINK OF IT AS A CONTINUOUS INTEGRATION TEST.         !
!!!!!!!!!!!!!!!!!!!!!!!!!!!!!!!!!!!!!!!!!!!!!!!!!!!!!!!!!!!!!!!!!!!!!!!!!!!!!!!!
!!!!!!!!!!!!!!!!!!!!!!!!!!!!!!!!!!!!!!!!!!!!!!!!!!!!!!!!!!!!!!!!!!!!!!!!!!!!!!!!
INFO  [2013-11-26 19:11:03,017] com.yammer.dropwizard.cli.ServerCommand: Starting library-service
INFO  [2013-11-26 19:11:03,018] org.eclipse.jetty.server.Server: jetty-8.y.z-SNAPSHOT
INFO  [2013-11-26 19:11:03,088] com.sun.jersey.server.impl.application.WebApplicationImpl: Initiating Jersey application, version 'Jersey: 1.17.1 02/28/2013 12:47 PM'
INFO  [2013-11-26 19:11:03,152] com.yammer.dropwizard.config.Environment: The following paths were found for the configured resources:

    GET     /dropbox/v1/ (edu.sjsu.cmpe.dropbox.api.resources.RootResource)
    DELETE  /dropbox/v1/users/{userID} (edu.sjsu.cmpe.dropbox.api.resources.DropboxResource)
    DELETE  /dropbox/v1/users/{userID}/files/{id} (edu.sjsu.cmpe.dropbox.api.resources.DropboxResource)
    GET     /dropbox/v1/users (edu.sjsu.cmpe.dropbox.api.resources.DropboxResource)
    GET     /dropbox/v1/users/login (edu.sjsu.cmpe.dropbox.api.resources.DropboxResource)
    GET     /dropbox/v1/users/signup (edu.sjsu.cmpe.dropbox.api.resources.DropboxResource)
    GET     /dropbox/v1/users/{userID} (edu.sjsu.cmpe.dropbox.api.resources.DropboxResource)
    GET     /dropbox/v1/users/{userID}/files (edu.sjsu.cmpe.dropbox.api.resources.DropboxResource)
    GET     /dropbox/v1/users/{userID}/files/createFile (edu.sjsu.cmpe.dropbox.api.resources.DropboxResource)
    GET     /dropbox/v1/users/{userID}/files/{id} (edu.sjsu.cmpe.dropbox.api.resources.DropboxResource)
    GET     /dropbox/v1/users/{userID}/filesShared (edu.sjsu.cmpe.dropbox.api.resources.DropboxResource)
    GET     /dropbox/v1/users/{userID}/filesShared/{id} (edu.sjsu.cmpe.dropbox.api.resources.DropboxResource)
    GET     /dropbox/v1/users/{userID}/publicfiles/{id} (edu.sjsu.cmpe.dropbox.api.resources.DropboxResource)
    POST    /dropbox/v1/users/login (edu.sjsu.cmpe.dropbox.api.resources.DropboxResource)
    POST    /dropbox/v1/users/signup (edu.sjsu.cmpe.dropbox.api.resources.DropboxResource)
    POST    /dropbox/v1/users/{userID}/files (edu.sjsu.cmpe.dropbox.api.resources.DropboxResource)
    POST    /dropbox/v1/users/{userID}/publicFiles (edu.sjsu.cmpe.dropbox.api.resources.DropboxResource)
    PUT     /dropbox/v1/users/{userID} (edu.sjsu.cmpe.dropbox.api.resources.DropboxResource)
    PUT     /dropbox/v1/users/{userID}/files/{id} (edu.sjsu.cmpe.dropbox.api.resources.DropboxResource)

INFO  [2013-11-26 19:11:03,153] com.yammer.dropwizard.config.Environment: tasks = 

    POST    /tasks/gc (com.yammer.dropwizard.tasks.GarbageCollectionTask)

INFO  [2013-11-26 19:11:03,326] org.eclipse.jetty.server.AbstractConnector: Started InstrumentedBlockingChannelConnector@0.0.0.0:8002
INFO  [2013-11-26 19:11:03,327] org.eclipse.jetty.server.AbstractConnector: Started SocketConnector@0.0.0.0:8081
INFO  [2013-11-26 19:34:19,564] org.eclipse.jetty.server.Server: Graceful shutdown SocketConnector@0.0.0.0:8081
INFO  [2013-11-26 19:34:19,564] org.eclipse.jetty.server.Server: Graceful shutdown InstrumentedBlockingChannelConnector@0.0.0.0:8002
INFO  [2013-11-26 19:34:19,564] org.eclipse.jetty.server.Server: Graceful shutdown o.e.j.s.ServletContextHandler{/,null}
INFO  [2013-11-26 19:34:19,564] org.eclipse.jetty.server.Server: Graceful shutdown o.e.j.s.ServletContextHandler{/,null}
WARN  [2013-11-26 19:35:18,564] com.yammer.dropwizard.config.ServerFactory: 
!!!!!!!!!!!!!!!!!!!!!!!!!!!!!!!!!!!!!!!!!!!!!!!!!!!!!!!!!!!!!!!!!!!!!!!!!!!!!!!!
!!!!!!!!!!!!!!!!!!!!!!!!!!!!!!!!!!!!!!!!!!!!!!!!!!!!!!!!!!!!!!!!!!!!!!!!!!!!!!!!
!    THIS SERVICE HAS NO HEALTHCHECKS. THIS MEANS YOU WILL NEVER KNOW IF IT    !
!    DIES IN PRODUCTION, WHICH MEANS YOU WILL NEVER KNOW IF YOU'RE LETTING     !
!     YOUR USERS DOWN. YOU SHOULD ADD A HEALTHCHECK FOR EACH DEPENDENCY OF     !
!     YOUR SERVICE WHICH FULLY (BUT LIGHTLY) TESTS YOUR SERVICE'S ABILITY TO   !
!      USE THAT SERVICE. THINK OF IT AS A CONTINUOUS INTEGRATION TEST.         !
!!!!!!!!!!!!!!!!!!!!!!!!!!!!!!!!!!!!!!!!!!!!!!!!!!!!!!!!!!!!!!!!!!!!!!!!!!!!!!!!
!!!!!!!!!!!!!!!!!!!!!!!!!!!!!!!!!!!!!!!!!!!!!!!!!!!!!!!!!!!!!!!!!!!!!!!!!!!!!!!!
INFO  [2013-11-26 19:35:18,625] com.yammer.dropwizard.cli.ServerCommand: Starting library-service
INFO  [2013-11-26 19:35:18,626] org.eclipse.jetty.server.Server: jetty-8.y.z-SNAPSHOT
INFO  [2013-11-26 19:35:18,696] com.sun.jersey.server.impl.application.WebApplicationImpl: Initiating Jersey application, version 'Jersey: 1.17.1 02/28/2013 12:47 PM'
INFO  [2013-11-26 19:35:18,751] com.yammer.dropwizard.config.Environment: The following paths were found for the configured resources:

    GET     /dropbox/v1/ (edu.sjsu.cmpe.dropbox.api.resources.RootResource)
    DELETE  /dropbox/v1/users/{userID} (edu.sjsu.cmpe.dropbox.api.resources.DropboxResource)
    DELETE  /dropbox/v1/users/{userID}/files/{id} (edu.sjsu.cmpe.dropbox.api.resources.DropboxResource)
    GET     /dropbox/v1/users (edu.sjsu.cmpe.dropbox.api.resources.DropboxResource)
    GET     /dropbox/v1/users/login (edu.sjsu.cmpe.dropbox.api.resources.DropboxResource)
    GET     /dropbox/v1/users/signup (edu.sjsu.cmpe.dropbox.api.resources.DropboxResource)
    GET     /dropbox/v1/users/{userID} (edu.sjsu.cmpe.dropbox.api.resources.DropboxResource)
    GET     /dropbox/v1/users/{userID}/files (edu.sjsu.cmpe.dropbox.api.resources.DropboxResource)
    GET     /dropbox/v1/users/{userID}/files/createFile (edu.sjsu.cmpe.dropbox.api.resources.DropboxResource)
    GET     /dropbox/v1/users/{userID}/files/{id} (edu.sjsu.cmpe.dropbox.api.resources.DropboxResource)
    GET     /dropbox/v1/users/{userID}/filesShared (edu.sjsu.cmpe.dropbox.api.resources.DropboxResource)
    GET     /dropbox/v1/users/{userID}/filesShared/{id} (edu.sjsu.cmpe.dropbox.api.resources.DropboxResource)
    GET     /dropbox/v1/users/{userID}/publicfiles/{id} (edu.sjsu.cmpe.dropbox.api.resources.DropboxResource)
    POST    /dropbox/v1/users/login (edu.sjsu.cmpe.dropbox.api.resources.DropboxResource)
    POST    /dropbox/v1/users/signup (edu.sjsu.cmpe.dropbox.api.resources.DropboxResource)
    POST    /dropbox/v1/users/{userID}/files (edu.sjsu.cmpe.dropbox.api.resources.DropboxResource)
    POST    /dropbox/v1/users/{userID}/publicFiles (edu.sjsu.cmpe.dropbox.api.resources.DropboxResource)
    PUT     /dropbox/v1/users/{userID} (edu.sjsu.cmpe.dropbox.api.resources.DropboxResource)
    PUT     /dropbox/v1/users/{userID}/files/{id} (edu.sjsu.cmpe.dropbox.api.resources.DropboxResource)

INFO  [2013-11-26 19:35:18,751] com.yammer.dropwizard.config.Environment: tasks = 

    POST    /tasks/gc (com.yammer.dropwizard.tasks.GarbageCollectionTask)

INFO  [2013-11-26 19:35:18,929] org.eclipse.jetty.server.AbstractConnector: Started InstrumentedBlockingChannelConnector@0.0.0.0:8002
INFO  [2013-11-26 19:35:18,930] org.eclipse.jetty.server.AbstractConnector: Started SocketConnector@0.0.0.0:8081
INFO  [2013-11-26 19:42:27,478] org.eclipse.jetty.server.Server: Graceful shutdown SocketConnector@0.0.0.0:8081
INFO  [2013-11-26 19:42:27,479] org.eclipse.jetty.server.Server: Graceful shutdown InstrumentedBlockingChannelConnector@0.0.0.0:8002
INFO  [2013-11-26 19:42:27,479] org.eclipse.jetty.server.Server: Graceful shutdown o.e.j.s.ServletContextHandler{/,null}
INFO  [2013-11-26 19:42:27,479] org.eclipse.jetty.server.Server: Graceful shutdown o.e.j.s.ServletContextHandler{/,null}
WARN  [2013-11-26 19:42:37,518] com.yammer.dropwizard.config.ServerFactory: 
!!!!!!!!!!!!!!!!!!!!!!!!!!!!!!!!!!!!!!!!!!!!!!!!!!!!!!!!!!!!!!!!!!!!!!!!!!!!!!!!
!!!!!!!!!!!!!!!!!!!!!!!!!!!!!!!!!!!!!!!!!!!!!!!!!!!!!!!!!!!!!!!!!!!!!!!!!!!!!!!!
!    THIS SERVICE HAS NO HEALTHCHECKS. THIS MEANS YOU WILL NEVER KNOW IF IT    !
!    DIES IN PRODUCTION, WHICH MEANS YOU WILL NEVER KNOW IF YOU'RE LETTING     !
!     YOUR USERS DOWN. YOU SHOULD ADD A HEALTHCHECK FOR EACH DEPENDENCY OF     !
!     YOUR SERVICE WHICH FULLY (BUT LIGHTLY) TESTS YOUR SERVICE'S ABILITY TO   !
!      USE THAT SERVICE. THINK OF IT AS A CONTINUOUS INTEGRATION TEST.         !
!!!!!!!!!!!!!!!!!!!!!!!!!!!!!!!!!!!!!!!!!!!!!!!!!!!!!!!!!!!!!!!!!!!!!!!!!!!!!!!!
!!!!!!!!!!!!!!!!!!!!!!!!!!!!!!!!!!!!!!!!!!!!!!!!!!!!!!!!!!!!!!!!!!!!!!!!!!!!!!!!
INFO  [2013-11-26 19:42:37,580] com.yammer.dropwizard.cli.ServerCommand: Starting library-service
INFO  [2013-11-26 19:42:37,581] org.eclipse.jetty.server.Server: jetty-8.y.z-SNAPSHOT
INFO  [2013-11-26 19:42:37,653] com.sun.jersey.server.impl.application.WebApplicationImpl: Initiating Jersey application, version 'Jersey: 1.17.1 02/28/2013 12:47 PM'
INFO  [2013-11-26 19:42:37,710] com.yammer.dropwizard.config.Environment: The following paths were found for the configured resources:

    GET     /dropbox/v1/ (edu.sjsu.cmpe.dropbox.api.resources.RootResource)
    DELETE  /dropbox/v1/users/{userID} (edu.sjsu.cmpe.dropbox.api.resources.DropboxResource)
    DELETE  /dropbox/v1/users/{userID}/files/{id} (edu.sjsu.cmpe.dropbox.api.resources.DropboxResource)
    GET     /dropbox/v1/users (edu.sjsu.cmpe.dropbox.api.resources.DropboxResource)
    GET     /dropbox/v1/users/login (edu.sjsu.cmpe.dropbox.api.resources.DropboxResource)
    GET     /dropbox/v1/users/signup (edu.sjsu.cmpe.dropbox.api.resources.DropboxResource)
    GET     /dropbox/v1/users/{userID} (edu.sjsu.cmpe.dropbox.api.resources.DropboxResource)
    GET     /dropbox/v1/users/{userID}/files (edu.sjsu.cmpe.dropbox.api.resources.DropboxResource)
    GET     /dropbox/v1/users/{userID}/files/createFile (edu.sjsu.cmpe.dropbox.api.resources.DropboxResource)
    GET     /dropbox/v1/users/{userID}/files/{id} (edu.sjsu.cmpe.dropbox.api.resources.DropboxResource)
    GET     /dropbox/v1/users/{userID}/filesShared (edu.sjsu.cmpe.dropbox.api.resources.DropboxResource)
    GET     /dropbox/v1/users/{userID}/filesShared/{id} (edu.sjsu.cmpe.dropbox.api.resources.DropboxResource)
    GET     /dropbox/v1/users/{userID}/publicfiles/{id} (edu.sjsu.cmpe.dropbox.api.resources.DropboxResource)
    POST    /dropbox/v1/users/login (edu.sjsu.cmpe.dropbox.api.resources.DropboxResource)
    POST    /dropbox/v1/users/signup (edu.sjsu.cmpe.dropbox.api.resources.DropboxResource)
    POST    /dropbox/v1/users/{userID}/files (edu.sjsu.cmpe.dropbox.api.resources.DropboxResource)
    POST    /dropbox/v1/users/{userID}/publicFiles (edu.sjsu.cmpe.dropbox.api.resources.DropboxResource)
    PUT     /dropbox/v1/users/{userID} (edu.sjsu.cmpe.dropbox.api.resources.DropboxResource)
    PUT     /dropbox/v1/users/{userID}/files/{id} (edu.sjsu.cmpe.dropbox.api.resources.DropboxResource)

INFO  [2013-11-26 19:42:37,711] com.yammer.dropwizard.config.Environment: tasks = 

    POST    /tasks/gc (com.yammer.dropwizard.tasks.GarbageCollectionTask)

INFO  [2013-11-26 19:42:37,891] org.eclipse.jetty.server.AbstractConnector: Started InstrumentedBlockingChannelConnector@0.0.0.0:8002
INFO  [2013-11-26 19:42:37,892] org.eclipse.jetty.server.AbstractConnector: Started SocketConnector@0.0.0.0:8081
INFO  [2013-11-26 20:50:44,080] org.eclipse.jetty.server.Server: Graceful shutdown SocketConnector@0.0.0.0:8081
INFO  [2013-11-26 20:50:44,081] org.eclipse.jetty.server.Server: Graceful shutdown InstrumentedBlockingChannelConnector@0.0.0.0:8002
INFO  [2013-11-26 20:50:44,081] org.eclipse.jetty.server.Server: Graceful shutdown o.e.j.s.ServletContextHandler{/,null}
INFO  [2013-11-26 20:50:44,081] org.eclipse.jetty.server.Server: Graceful shutdown o.e.j.s.ServletContextHandler{/,null}
