WARN  [2013-10-01 07:38:31,464] com.yammer.dropwizard.config.ServerFactory: 
!!!!!!!!!!!!!!!!!!!!!!!!!!!!!!!!!!!!!!!!!!!!!!!!!!!!!!!!!!!!!!!!!!!!!!!!!!!!!!!!
!!!!!!!!!!!!!!!!!!!!!!!!!!!!!!!!!!!!!!!!!!!!!!!!!!!!!!!!!!!!!!!!!!!!!!!!!!!!!!!!
!    THIS SERVICE HAS NO HEALTHCHECKS. THIS MEANS YOU WILL NEVER KNOW IF IT    !
!    DIES IN PRODUCTION, WHICH MEANS YOU WILL NEVER KNOW IF YOU'RE LETTING     !
!     YOUR USERS DOWN. YOU SHOULD ADD A HEALTHCHECK FOR EACH DEPENDENCY OF     !
!     YOUR SERVICE WHICH FULLY (BUT LIGHTLY) TESTS YOUR SERVICE'S ABILITY TO   !
!      USE THAT SERVICE. THINK OF IT AS A CONTINUOUS INTEGRATION TEST.         !
!!!!!!!!!!!!!!!!!!!!!!!!!!!!!!!!!!!!!!!!!!!!!!!!!!!!!!!!!!!!!!!!!!!!!!!!!!!!!!!!
!!!!!!!!!!!!!!!!!!!!!!!!!!!!!!!!!!!!!!!!!!!!!!!!!!!!!!!!!!!!!!!!!!!!!!!!!!!!!!!!
INFO  [2013-10-01 07:38:31,559] com.yammer.dropwizard.cli.ServerCommand: Starting library-service
INFO  [2013-10-01 07:38:31,561] org.eclipse.jetty.server.Server: jetty-8.1.10.v20130312
INFO  [2013-10-01 07:38:31,688] com.sun.jersey.server.impl.application.WebApplicationImpl: Initiating Jersey application, version 'Jersey: 1.17.1 02/28/2013 12:47 PM'
INFO  [2013-10-01 07:38:31,838] com.yammer.dropwizard.config.Environment: The following paths were found for the configured resources:

    GET     /dropbox/v1/ (edu.sjsu.cmpe.dropbox.api.resources.RootResource)
    DELETE  /dropbox/v1/users/{email} (edu.sjsu.cmpe.dropbox.api.resources.DropboxResource)
    GET     /dropbox/v1/users/{email} (edu.sjsu.cmpe.dropbox.api.resources.DropboxResource)
    POST    /dropbox/v1/users (edu.sjsu.cmpe.dropbox.api.resources.DropboxResource)
    PUT     /dropbox/v1/users/{email} (edu.sjsu.cmpe.dropbox.api.resources.DropboxResource)

INFO  [2013-10-01 07:38:31,838] com.yammer.dropwizard.config.Environment: tasks = 

    POST    /tasks/gc (com.yammer.dropwizard.tasks.GarbageCollectionTask)

INFO  [2013-10-01 07:38:32,181] org.eclipse.jetty.server.AbstractConnector: Started InstrumentedBlockingChannelConnector@0.0.0.0:8082
INFO  [2013-10-01 07:38:32,185] org.eclipse.jetty.server.AbstractConnector: Started SocketConnector@0.0.0.0:8081
WARN  [2013-10-01 07:49:43,566] com.yammer.dropwizard.config.ServerFactory: 
!!!!!!!!!!!!!!!!!!!!!!!!!!!!!!!!!!!!!!!!!!!!!!!!!!!!!!!!!!!!!!!!!!!!!!!!!!!!!!!!
!!!!!!!!!!!!!!!!!!!!!!!!!!!!!!!!!!!!!!!!!!!!!!!!!!!!!!!!!!!!!!!!!!!!!!!!!!!!!!!!
!    THIS SERVICE HAS NO HEALTHCHECKS. THIS MEANS YOU WILL NEVER KNOW IF IT    !
!    DIES IN PRODUCTION, WHICH MEANS YOU WILL NEVER KNOW IF YOU'RE LETTING     !
!     YOUR USERS DOWN. YOU SHOULD ADD A HEALTHCHECK FOR EACH DEPENDENCY OF     !
!     YOUR SERVICE WHICH FULLY (BUT LIGHTLY) TESTS YOUR SERVICE'S ABILITY TO   !
!      USE THAT SERVICE. THINK OF IT AS A CONTINUOUS INTEGRATION TEST.         !
!!!!!!!!!!!!!!!!!!!!!!!!!!!!!!!!!!!!!!!!!!!!!!!!!!!!!!!!!!!!!!!!!!!!!!!!!!!!!!!!
!!!!!!!!!!!!!!!!!!!!!!!!!!!!!!!!!!!!!!!!!!!!!!!!!!!!!!!!!!!!!!!!!!!!!!!!!!!!!!!!
INFO  [2013-10-01 07:49:43,637] com.yammer.dropwizard.cli.ServerCommand: Starting library-service
INFO  [2013-10-01 07:49:43,638] org.eclipse.jetty.server.Server: jetty-8.1.10.v20130312
INFO  [2013-10-01 07:49:43,748] com.sun.jersey.server.impl.application.WebApplicationImpl: Initiating Jersey application, version 'Jersey: 1.17.1 02/28/2013 12:47 PM'
INFO  [2013-10-01 07:49:43,929] com.yammer.dropwizard.config.Environment: The following paths were found for the configured resources:

    GET     /dropbox/v1/ (edu.sjsu.cmpe.dropbox.api.resources.RootResource)
    DELETE  /dropbox/v1/users/{email} (edu.sjsu.cmpe.dropbox.api.resources.DropboxResource)
    GET     /dropbox/v1/users/{email} (edu.sjsu.cmpe.dropbox.api.resources.DropboxResource)
    POST    /dropbox/v1/users (edu.sjsu.cmpe.dropbox.api.resources.DropboxResource)
    PUT     /dropbox/v1/users/{email} (edu.sjsu.cmpe.dropbox.api.resources.DropboxResource)

INFO  [2013-10-01 07:49:43,929] com.yammer.dropwizard.config.Environment: tasks = 

    POST    /tasks/gc (com.yammer.dropwizard.tasks.GarbageCollectionTask)

INFO  [2013-10-01 07:49:44,250] org.eclipse.jetty.server.AbstractConnector: Started InstrumentedBlockingChannelConnector@0.0.0.0:8082
INFO  [2013-10-01 07:49:44,255] org.eclipse.jetty.server.AbstractConnector: Started SocketConnector@0.0.0.0:8081
WARN  [2013-10-01 07:50:46,672] com.yammer.dropwizard.config.ServerFactory: 
!!!!!!!!!!!!!!!!!!!!!!!!!!!!!!!!!!!!!!!!!!!!!!!!!!!!!!!!!!!!!!!!!!!!!!!!!!!!!!!!
!!!!!!!!!!!!!!!!!!!!!!!!!!!!!!!!!!!!!!!!!!!!!!!!!!!!!!!!!!!!!!!!!!!!!!!!!!!!!!!!
!    THIS SERVICE HAS NO HEALTHCHECKS. THIS MEANS YOU WILL NEVER KNOW IF IT    !
!    DIES IN PRODUCTION, WHICH MEANS YOU WILL NEVER KNOW IF YOU'RE LETTING     !
!     YOUR USERS DOWN. YOU SHOULD ADD A HEALTHCHECK FOR EACH DEPENDENCY OF     !
!     YOUR SERVICE WHICH FULLY (BUT LIGHTLY) TESTS YOUR SERVICE'S ABILITY TO   !
!      USE THAT SERVICE. THINK OF IT AS A CONTINUOUS INTEGRATION TEST.         !
!!!!!!!!!!!!!!!!!!!!!!!!!!!!!!!!!!!!!!!!!!!!!!!!!!!!!!!!!!!!!!!!!!!!!!!!!!!!!!!!
!!!!!!!!!!!!!!!!!!!!!!!!!!!!!!!!!!!!!!!!!!!!!!!!!!!!!!!!!!!!!!!!!!!!!!!!!!!!!!!!
INFO  [2013-10-01 07:50:46,743] com.yammer.dropwizard.cli.ServerCommand: Starting library-service
INFO  [2013-10-01 07:50:46,744] org.eclipse.jetty.server.Server: jetty-8.1.10.v20130312
INFO  [2013-10-01 07:50:46,859] com.sun.jersey.server.impl.application.WebApplicationImpl: Initiating Jersey application, version 'Jersey: 1.17.1 02/28/2013 12:47 PM'
INFO  [2013-10-01 07:50:46,941] com.yammer.dropwizard.config.Environment: The following paths were found for the configured resources:

    GET     /dropbox/v1/ (edu.sjsu.cmpe.dropbox.api.resources.RootResource)
    DELETE  /dropbox/v1/users/{email} (edu.sjsu.cmpe.dropbox.api.resources.DropboxResource)
    GET     /dropbox/v1/users/{email} (edu.sjsu.cmpe.dropbox.api.resources.DropboxResource)
    POST    /dropbox/v1/users (edu.sjsu.cmpe.dropbox.api.resources.DropboxResource)
    PUT     /dropbox/v1/users/{email} (edu.sjsu.cmpe.dropbox.api.resources.DropboxResource)

INFO  [2013-10-01 07:50:46,941] com.yammer.dropwizard.config.Environment: tasks = 

    POST    /tasks/gc (com.yammer.dropwizard.tasks.GarbageCollectionTask)

INFO  [2013-10-01 07:50:47,250] org.eclipse.jetty.server.AbstractConnector: Started InstrumentedBlockingChannelConnector@0.0.0.0:8083
INFO  [2013-10-01 07:50:47,253] org.eclipse.jetty.server.AbstractConnector: Started SocketConnector@0.0.0.0:8081
WARN  [2013-10-01 07:51:46,579] com.yammer.dropwizard.config.ServerFactory: 
!!!!!!!!!!!!!!!!!!!!!!!!!!!!!!!!!!!!!!!!!!!!!!!!!!!!!!!!!!!!!!!!!!!!!!!!!!!!!!!!
!!!!!!!!!!!!!!!!!!!!!!!!!!!!!!!!!!!!!!!!!!!!!!!!!!!!!!!!!!!!!!!!!!!!!!!!!!!!!!!!
!    THIS SERVICE HAS NO HEALTHCHECKS. THIS MEANS YOU WILL NEVER KNOW IF IT    !
!    DIES IN PRODUCTION, WHICH MEANS YOU WILL NEVER KNOW IF YOU'RE LETTING     !
!     YOUR USERS DOWN. YOU SHOULD ADD A HEALTHCHECK FOR EACH DEPENDENCY OF     !
!     YOUR SERVICE WHICH FULLY (BUT LIGHTLY) TESTS YOUR SERVICE'S ABILITY TO   !
!      USE THAT SERVICE. THINK OF IT AS A CONTINUOUS INTEGRATION TEST.         !
!!!!!!!!!!!!!!!!!!!!!!!!!!!!!!!!!!!!!!!!!!!!!!!!!!!!!!!!!!!!!!!!!!!!!!!!!!!!!!!!
!!!!!!!!!!!!!!!!!!!!!!!!!!!!!!!!!!!!!!!!!!!!!!!!!!!!!!!!!!!!!!!!!!!!!!!!!!!!!!!!
INFO  [2013-10-01 07:51:46,651] com.yammer.dropwizard.cli.ServerCommand: Starting library-service
INFO  [2013-10-01 07:51:46,653] org.eclipse.jetty.server.Server: jetty-8.1.10.v20130312
INFO  [2013-10-01 07:51:46,765] com.sun.jersey.server.impl.application.WebApplicationImpl: Initiating Jersey application, version 'Jersey: 1.17.1 02/28/2013 12:47 PM'
INFO  [2013-10-01 07:51:46,845] com.yammer.dropwizard.config.Environment: The following paths were found for the configured resources:

    GET     /dropbox/v1/ (edu.sjsu.cmpe.dropbox.api.resources.RootResource)
    DELETE  /dropbox/v1/users/{email} (edu.sjsu.cmpe.dropbox.api.resources.DropboxResource)
    GET     /dropbox/v1/users/{email} (edu.sjsu.cmpe.dropbox.api.resources.DropboxResource)
    POST    /dropbox/v1/users (edu.sjsu.cmpe.dropbox.api.resources.DropboxResource)
    PUT     /dropbox/v1/users/{email} (edu.sjsu.cmpe.dropbox.api.resources.DropboxResource)

INFO  [2013-10-01 07:51:46,845] com.yammer.dropwizard.config.Environment: tasks = 

    POST    /tasks/gc (com.yammer.dropwizard.tasks.GarbageCollectionTask)

INFO  [2013-10-01 07:51:47,160] org.eclipse.jetty.server.AbstractConnector: Started InstrumentedBlockingChannelConnector@0.0.0.0:8083
INFO  [2013-10-01 07:51:47,164] org.eclipse.jetty.server.AbstractConnector: Started SocketConnector@0.0.0.0:8081
WARN  [2013-10-01 07:58:33,010] com.yammer.dropwizard.config.ServerFactory: 
!!!!!!!!!!!!!!!!!!!!!!!!!!!!!!!!!!!!!!!!!!!!!!!!!!!!!!!!!!!!!!!!!!!!!!!!!!!!!!!!
!!!!!!!!!!!!!!!!!!!!!!!!!!!!!!!!!!!!!!!!!!!!!!!!!!!!!!!!!!!!!!!!!!!!!!!!!!!!!!!!
!    THIS SERVICE HAS NO HEALTHCHECKS. THIS MEANS YOU WILL NEVER KNOW IF IT    !
!    DIES IN PRODUCTION, WHICH MEANS YOU WILL NEVER KNOW IF YOU'RE LETTING     !
!     YOUR USERS DOWN. YOU SHOULD ADD A HEALTHCHECK FOR EACH DEPENDENCY OF     !
!     YOUR SERVICE WHICH FULLY (BUT LIGHTLY) TESTS YOUR SERVICE'S ABILITY TO   !
!      USE THAT SERVICE. THINK OF IT AS A CONTINUOUS INTEGRATION TEST.         !
!!!!!!!!!!!!!!!!!!!!!!!!!!!!!!!!!!!!!!!!!!!!!!!!!!!!!!!!!!!!!!!!!!!!!!!!!!!!!!!!
!!!!!!!!!!!!!!!!!!!!!!!!!!!!!!!!!!!!!!!!!!!!!!!!!!!!!!!!!!!!!!!!!!!!!!!!!!!!!!!!
INFO  [2013-10-01 07:58:33,076] com.yammer.dropwizard.cli.ServerCommand: Starting library-service
INFO  [2013-10-01 07:58:33,077] org.eclipse.jetty.server.Server: jetty-8.1.10.v20130312
INFO  [2013-10-01 07:58:33,182] com.sun.jersey.server.impl.application.WebApplicationImpl: Initiating Jersey application, version 'Jersey: 1.17.1 02/28/2013 12:47 PM'
INFO  [2013-10-01 07:58:33,244] com.yammer.dropwizard.config.Environment: The following paths were found for the configured resources:

    GET     /dropbox/v1/ (edu.sjsu.cmpe.dropbox.api.resources.RootResource)
    DELETE  /dropbox/v1/users/{email} (edu.sjsu.cmpe.dropbox.api.resources.DropboxResource)
    GET     /dropbox/v1/users/{email} (edu.sjsu.cmpe.dropbox.api.resources.DropboxResource)
    POST    /dropbox/v1/users (edu.sjsu.cmpe.dropbox.api.resources.DropboxResource)
    PUT     /dropbox/v1/users/{email} (edu.sjsu.cmpe.dropbox.api.resources.DropboxResource)

INFO  [2013-10-01 07:58:33,245] com.yammer.dropwizard.config.Environment: tasks = 

    POST    /tasks/gc (com.yammer.dropwizard.tasks.GarbageCollectionTask)

INFO  [2013-10-01 07:58:33,479] org.eclipse.jetty.server.AbstractConnector: Started InstrumentedBlockingChannelConnector@0.0.0.0:8083
INFO  [2013-10-01 07:58:33,482] org.eclipse.jetty.server.AbstractConnector: Started SocketConnector@0.0.0.0:8081
ERROR [2013-10-01 07:59:04,374] com.yammer.dropwizard.jersey.LoggingExceptionMapper: Error handling a request: 5e6987da55664dc7
! java.lang.NullPointerException: null
! at edu.sjsu.cmpe.dropbox.api.resources.DropboxResource.getBookByIsbn(DropboxResource.java:59) ~[classes/:na]
! at sun.reflect.NativeMethodAccessorImpl.invoke0(Native Method) ~[na:1.7.0_40]
! at sun.reflect.NativeMethodAccessorImpl.invoke(NativeMethodAccessorImpl.java:57) ~[na:1.7.0_40]
! at sun.reflect.DelegatingMethodAccessorImpl.invoke(DelegatingMethodAccessorImpl.java:43) ~[na:1.7.0_40]
! at java.lang.reflect.Method.invoke(Method.java:606) ~[na:1.7.0_40]
! at com.sun.jersey.spi.container.JavaMethodInvokerFactory$1.invoke(JavaMethodInvokerFactory.java:60) ~[jersey-server-1.17.1.jar:1.17.1]
! at com.sun.jersey.server.impl.model.method.dispatch.AbstractResourceMethodDispatchProvider$TypeOutInvoker._dispatch(AbstractResourceMethodDispatchProvider.java:185) ~[jersey-server-1.17.1.jar:1.17.1]
! at com.sun.jersey.server.impl.model.method.dispatch.ResourceJavaMethodDispatcher.dispatch(ResourceJavaMethodDispatcher.java:75) ~[jersey-server-1.17.1.jar:1.17.1]
! at com.yammer.metrics.jersey.InstrumentedResourceMethodDispatchProvider$TimedRequestDispatcher.dispatch(InstrumentedResourceMethodDispatchProvider.java:32) ~[metrics-jersey-2.2.0.jar:na]
! at com.yammer.dropwizard.jersey.OptionalResourceMethodDispatchAdapter$OptionalRequestDispatcher.dispatch(OptionalResourceMethodDispatchAdapter.java:37) ~[dropwizard-core-0.6.2.jar:na]
! at com.sun.jersey.server.impl.uri.rules.HttpMethodRule.accept(HttpMethodRule.java:302) ~[jersey-server-1.17.1.jar:1.17.1]
! at com.sun.jersey.server.impl.uri.rules.RightHandPathRule.accept(RightHandPathRule.java:147) ~[jersey-server-1.17.1.jar:1.17.1]
! at com.sun.jersey.server.impl.uri.rules.ResourceClassRule.accept(ResourceClassRule.java:108) ~[jersey-server-1.17.1.jar:1.17.1]
! at com.sun.jersey.server.impl.uri.rules.RightHandPathRule.accept(RightHandPathRule.java:147) ~[jersey-server-1.17.1.jar:1.17.1]
! at com.sun.jersey.server.impl.uri.rules.RootResourceClassesRule.accept(RootResourceClassesRule.java:84) ~[jersey-server-1.17.1.jar:1.17.1]
! at com.sun.jersey.server.impl.application.WebApplicationImpl._handleRequest(WebApplicationImpl.java:1511) [jersey-server-1.17.1.jar:1.17.1]
! at com.sun.jersey.server.impl.application.WebApplicationImpl._handleRequest(WebApplicationImpl.java:1442) [jersey-server-1.17.1.jar:1.17.1]
! at com.sun.jersey.server.impl.application.WebApplicationImpl.handleRequest(WebApplicationImpl.java:1391) [jersey-server-1.17.1.jar:1.17.1]
! at com.sun.jersey.server.impl.application.WebApplicationImpl.handleRequest(WebApplicationImpl.java:1381) [jersey-server-1.17.1.jar:1.17.1]
! at com.sun.jersey.spi.container.servlet.WebComponent.service(WebComponent.java:416) [jersey-servlet-1.17.1.jar:1.17.1]
! at com.sun.jersey.spi.container.servlet.ServletContainer.service(ServletContainer.java:538) [jersey-servlet-1.17.1.jar:1.17.1]
! at com.sun.jersey.spi.container.servlet.ServletContainer.service(ServletContainer.java:716) [jersey-servlet-1.17.1.jar:1.17.1]
! at javax.servlet.http.HttpServlet.service(HttpServlet.java:848) [javax.servlet-3.0.0.v201112011016.jar:na]
! at org.eclipse.jetty.servlet.ServletHolder.handle(ServletHolder.java:669) [jetty-servlet-8.1.10.v20130312.jar:8.1.10.v20130312]
! at org.eclipse.jetty.servlet.ServletHandler$CachedChain.doFilter(ServletHandler.java:1448) [jetty-servlet-8.1.10.v20130312.jar:8.1.10.v20130312]
! at com.yammer.dropwizard.servlets.ThreadNameFilter.doFilter(ThreadNameFilter.java:29) [dropwizard-core-0.6.2.jar:na]
! at org.eclipse.jetty.servlet.ServletHandler$CachedChain.doFilter(ServletHandler.java:1419) [jetty-servlet-8.1.10.v20130312.jar:8.1.10.v20130312]
! at org.eclipse.jetty.servlet.ServletHandler.doHandle(ServletHandler.java:455) [jetty-servlet-8.1.10.v20130312.jar:8.1.10.v20130312]
! at org.eclipse.jetty.server.handler.ContextHandler.doHandle(ContextHandler.java:1075) [jetty-server-8.1.10.v20130312.jar:8.1.10.v20130312]
! at org.eclipse.jetty.servlet.ServletHandler.doScope(ServletHandler.java:384) [jetty-servlet-8.1.10.v20130312.jar:8.1.10.v20130312]
! at org.eclipse.jetty.server.handler.ContextHandler.doScope(ContextHandler.java:1009) [jetty-server-8.1.10.v20130312.jar:8.1.10.v20130312]
! at org.eclipse.jetty.server.handler.ScopedHandler.handle(ScopedHandler.java:135) [jetty-server-8.1.10.v20130312.jar:8.1.10.v20130312]
! at org.eclipse.jetty.server.handler.HandlerWrapper.handle(HandlerWrapper.java:116) [jetty-server-8.1.10.v20130312.jar:8.1.10.v20130312]
! at com.yammer.metrics.jetty.InstrumentedHandler.handle(InstrumentedHandler.java:200) [metrics-jetty-2.2.0.jar:na]
! at org.eclipse.jetty.server.handler.GzipHandler.handle(GzipHandler.java:264) [jetty-server-8.1.10.v20130312.jar:8.1.10.v20130312]
! at com.yammer.dropwizard.jetty.BiDiGzipHandler.handle(BiDiGzipHandler.java:123) [dropwizard-core-0.6.2.jar:na]
! at org.eclipse.jetty.server.handler.HandlerCollection.handle(HandlerCollection.java:154) [jetty-server-8.1.10.v20130312.jar:8.1.10.v20130312]
! at org.eclipse.jetty.server.handler.HandlerWrapper.handle(HandlerWrapper.java:116) [jetty-server-8.1.10.v20130312.jar:8.1.10.v20130312]
! at org.eclipse.jetty.server.Server.handle(Server.java:368) [jetty-server-8.1.10.v20130312.jar:8.1.10.v20130312]
! at org.eclipse.jetty.server.AbstractHttpConnection.handleRequest(AbstractHttpConnection.java:489) [jetty-server-8.1.10.v20130312.jar:8.1.10.v20130312]
! at org.eclipse.jetty.server.BlockingHttpConnection.handleRequest(BlockingHttpConnection.java:53) [jetty-server-8.1.10.v20130312.jar:8.1.10.v20130312]
! at org.eclipse.jetty.server.AbstractHttpConnection.headerComplete(AbstractHttpConnection.java:942) [jetty-server-8.1.10.v20130312.jar:8.1.10.v20130312]
! at org.eclipse.jetty.server.AbstractHttpConnection$RequestHandler.headerComplete(AbstractHttpConnection.java:1004) [jetty-server-8.1.10.v20130312.jar:8.1.10.v20130312]
! at org.eclipse.jetty.http.HttpParser.parseNext(HttpParser.java:640) [jetty-http-8.1.10.v20130312.jar:8.1.10.v20130312]
! at org.eclipse.jetty.http.HttpParser.parseAvailable(HttpParser.java:235) [jetty-http-8.1.10.v20130312.jar:8.1.10.v20130312]
! at org.eclipse.jetty.server.BlockingHttpConnection.handle(BlockingHttpConnection.java:72) [jetty-server-8.1.10.v20130312.jar:8.1.10.v20130312]
! at org.eclipse.jetty.server.nio.BlockingChannelConnector$BlockingChannelEndPoint.run(BlockingChannelConnector.java:298) [jetty-server-8.1.10.v20130312.jar:8.1.10.v20130312]
! at org.eclipse.jetty.util.thread.QueuedThreadPool.runJob(QueuedThreadPool.java:608) [jetty-util-8.1.10.v20130312.jar:8.1.10.v20130312]
! at org.eclipse.jetty.util.thread.QueuedThreadPool$3.run(QueuedThreadPool.java:543) [jetty-util-8.1.10.v20130312.jar:8.1.10.v20130312]
! at java.lang.Thread.run(Thread.java:724) [na:1.7.0_40]
ERROR [2013-10-01 08:23:14,785] com.yammer.dropwizard.jersey.LoggingExceptionMapper: Error handling a request: 32b8d2a5dec4dd92
! java.lang.NullPointerException: null
! at edu.sjsu.cmpe.dropbox.api.resources.DropboxResource.getBookByIsbn(DropboxResource.java:59) ~[classes/:na]
! at sun.reflect.NativeMethodAccessorImpl.invoke0(Native Method) ~[na:1.7.0_40]
! at sun.reflect.NativeMethodAccessorImpl.invoke(NativeMethodAccessorImpl.java:57) ~[na:1.7.0_40]
! at sun.reflect.DelegatingMethodAccessorImpl.invoke(DelegatingMethodAccessorImpl.java:43) ~[na:1.7.0_40]
! at java.lang.reflect.Method.invoke(Method.java:606) ~[na:1.7.0_40]
! at com.sun.jersey.spi.container.JavaMethodInvokerFactory$1.invoke(JavaMethodInvokerFactory.java:60) ~[jersey-server-1.17.1.jar:1.17.1]
! at com.sun.jersey.server.impl.model.method.dispatch.AbstractResourceMethodDispatchProvider$TypeOutInvoker._dispatch(AbstractResourceMethodDispatchProvider.java:185) ~[jersey-server-1.17.1.jar:1.17.1]
! at com.sun.jersey.server.impl.model.method.dispatch.ResourceJavaMethodDispatcher.dispatch(ResourceJavaMethodDispatcher.java:75) ~[jersey-server-1.17.1.jar:1.17.1]
! at com.yammer.metrics.jersey.InstrumentedResourceMethodDispatchProvider$TimedRequestDispatcher.dispatch(InstrumentedResourceMethodDispatchProvider.java:32) ~[metrics-jersey-2.2.0.jar:na]
! at com.yammer.dropwizard.jersey.OptionalResourceMethodDispatchAdapter$OptionalRequestDispatcher.dispatch(OptionalResourceMethodDispatchAdapter.java:37) ~[dropwizard-core-0.6.2.jar:na]
! at com.sun.jersey.server.impl.uri.rules.HttpMethodRule.accept(HttpMethodRule.java:302) ~[jersey-server-1.17.1.jar:1.17.1]
! at com.sun.jersey.server.impl.uri.rules.RightHandPathRule.accept(RightHandPathRule.java:147) ~[jersey-server-1.17.1.jar:1.17.1]
! at com.sun.jersey.server.impl.uri.rules.ResourceClassRule.accept(ResourceClassRule.java:108) ~[jersey-server-1.17.1.jar:1.17.1]
! at com.sun.jersey.server.impl.uri.rules.RightHandPathRule.accept(RightHandPathRule.java:147) ~[jersey-server-1.17.1.jar:1.17.1]
! at com.sun.jersey.server.impl.uri.rules.RootResourceClassesRule.accept(RootResourceClassesRule.java:84) ~[jersey-server-1.17.1.jar:1.17.1]
! at com.sun.jersey.server.impl.application.WebApplicationImpl._handleRequest(WebApplicationImpl.java:1511) [jersey-server-1.17.1.jar:1.17.1]
! at com.sun.jersey.server.impl.application.WebApplicationImpl._handleRequest(WebApplicationImpl.java:1442) [jersey-server-1.17.1.jar:1.17.1]
! at com.sun.jersey.server.impl.application.WebApplicationImpl.handleRequest(WebApplicationImpl.java:1391) [jersey-server-1.17.1.jar:1.17.1]
! at com.sun.jersey.server.impl.application.WebApplicationImpl.handleRequest(WebApplicationImpl.java:1381) [jersey-server-1.17.1.jar:1.17.1]
! at com.sun.jersey.spi.container.servlet.WebComponent.service(WebComponent.java:416) [jersey-servlet-1.17.1.jar:1.17.1]
! at com.sun.jersey.spi.container.servlet.ServletContainer.service(ServletContainer.java:538) [jersey-servlet-1.17.1.jar:1.17.1]
! at com.sun.jersey.spi.container.servlet.ServletContainer.service(ServletContainer.java:716) [jersey-servlet-1.17.1.jar:1.17.1]
! at javax.servlet.http.HttpServlet.service(HttpServlet.java:848) [javax.servlet-3.0.0.v201112011016.jar:na]
! at org.eclipse.jetty.servlet.ServletHolder.handle(ServletHolder.java:669) [jetty-servlet-8.1.10.v20130312.jar:8.1.10.v20130312]
! at org.eclipse.jetty.servlet.ServletHandler$CachedChain.doFilter(ServletHandler.java:1448) [jetty-servlet-8.1.10.v20130312.jar:8.1.10.v20130312]
! at com.yammer.dropwizard.servlets.ThreadNameFilter.doFilter(ThreadNameFilter.java:29) [dropwizard-core-0.6.2.jar:na]
! at org.eclipse.jetty.servlet.ServletHandler$CachedChain.doFilter(ServletHandler.java:1419) [jetty-servlet-8.1.10.v20130312.jar:8.1.10.v20130312]
! at org.eclipse.jetty.servlet.ServletHandler.doHandle(ServletHandler.java:455) [jetty-servlet-8.1.10.v20130312.jar:8.1.10.v20130312]
! at org.eclipse.jetty.server.handler.ContextHandler.doHandle(ContextHandler.java:1075) [jetty-server-8.1.10.v20130312.jar:8.1.10.v20130312]
! at org.eclipse.jetty.servlet.ServletHandler.doScope(ServletHandler.java:384) [jetty-servlet-8.1.10.v20130312.jar:8.1.10.v20130312]
! at org.eclipse.jetty.server.handler.ContextHandler.doScope(ContextHandler.java:1009) [jetty-server-8.1.10.v20130312.jar:8.1.10.v20130312]
! at org.eclipse.jetty.server.handler.ScopedHandler.handle(ScopedHandler.java:135) [jetty-server-8.1.10.v20130312.jar:8.1.10.v20130312]
! at org.eclipse.jetty.server.handler.HandlerWrapper.handle(HandlerWrapper.java:116) [jetty-server-8.1.10.v20130312.jar:8.1.10.v20130312]
! at com.yammer.metrics.jetty.InstrumentedHandler.handle(InstrumentedHandler.java:200) [metrics-jetty-2.2.0.jar:na]
! at org.eclipse.jetty.server.handler.GzipHandler.handle(GzipHandler.java:264) [jetty-server-8.1.10.v20130312.jar:8.1.10.v20130312]
! at com.yammer.dropwizard.jetty.BiDiGzipHandler.handle(BiDiGzipHandler.java:123) [dropwizard-core-0.6.2.jar:na]
! at org.eclipse.jetty.server.handler.HandlerCollection.handle(HandlerCollection.java:154) [jetty-server-8.1.10.v20130312.jar:8.1.10.v20130312]
! at org.eclipse.jetty.server.handler.HandlerWrapper.handle(HandlerWrapper.java:116) [jetty-server-8.1.10.v20130312.jar:8.1.10.v20130312]
! at org.eclipse.jetty.server.Server.handle(Server.java:368) [jetty-server-8.1.10.v20130312.jar:8.1.10.v20130312]
! at org.eclipse.jetty.server.AbstractHttpConnection.handleRequest(AbstractHttpConnection.java:489) [jetty-server-8.1.10.v20130312.jar:8.1.10.v20130312]
! at org.eclipse.jetty.server.BlockingHttpConnection.handleRequest(BlockingHttpConnection.java:53) [jetty-server-8.1.10.v20130312.jar:8.1.10.v20130312]
! at org.eclipse.jetty.server.AbstractHttpConnection.headerComplete(AbstractHttpConnection.java:942) [jetty-server-8.1.10.v20130312.jar:8.1.10.v20130312]
! at org.eclipse.jetty.server.AbstractHttpConnection$RequestHandler.headerComplete(AbstractHttpConnection.java:1004) [jetty-server-8.1.10.v20130312.jar:8.1.10.v20130312]
! at org.eclipse.jetty.http.HttpParser.parseNext(HttpParser.java:640) [jetty-http-8.1.10.v20130312.jar:8.1.10.v20130312]
! at org.eclipse.jetty.http.HttpParser.parseAvailable(HttpParser.java:235) [jetty-http-8.1.10.v20130312.jar:8.1.10.v20130312]
! at org.eclipse.jetty.server.BlockingHttpConnection.handle(BlockingHttpConnection.java:72) [jetty-server-8.1.10.v20130312.jar:8.1.10.v20130312]
! at org.eclipse.jetty.server.nio.BlockingChannelConnector$BlockingChannelEndPoint.run(BlockingChannelConnector.java:298) [jetty-server-8.1.10.v20130312.jar:8.1.10.v20130312]
! at org.eclipse.jetty.util.thread.QueuedThreadPool.runJob(QueuedThreadPool.java:608) [jetty-util-8.1.10.v20130312.jar:8.1.10.v20130312]
! at org.eclipse.jetty.util.thread.QueuedThreadPool$3.run(QueuedThreadPool.java:543) [jetty-util-8.1.10.v20130312.jar:8.1.10.v20130312]
! at java.lang.Thread.run(Thread.java:724) [na:1.7.0_40]
WARN  [2013-10-01 08:44:11,744] com.yammer.dropwizard.config.ServerFactory: 
!!!!!!!!!!!!!!!!!!!!!!!!!!!!!!!!!!!!!!!!!!!!!!!!!!!!!!!!!!!!!!!!!!!!!!!!!!!!!!!!
!!!!!!!!!!!!!!!!!!!!!!!!!!!!!!!!!!!!!!!!!!!!!!!!!!!!!!!!!!!!!!!!!!!!!!!!!!!!!!!!
!    THIS SERVICE HAS NO HEALTHCHECKS. THIS MEANS YOU WILL NEVER KNOW IF IT    !
!    DIES IN PRODUCTION, WHICH MEANS YOU WILL NEVER KNOW IF YOU'RE LETTING     !
!     YOUR USERS DOWN. YOU SHOULD ADD A HEALTHCHECK FOR EACH DEPENDENCY OF     !
!     YOUR SERVICE WHICH FULLY (BUT LIGHTLY) TESTS YOUR SERVICE'S ABILITY TO   !
!      USE THAT SERVICE. THINK OF IT AS A CONTINUOUS INTEGRATION TEST.         !
!!!!!!!!!!!!!!!!!!!!!!!!!!!!!!!!!!!!!!!!!!!!!!!!!!!!!!!!!!!!!!!!!!!!!!!!!!!!!!!!
!!!!!!!!!!!!!!!!!!!!!!!!!!!!!!!!!!!!!!!!!!!!!!!!!!!!!!!!!!!!!!!!!!!!!!!!!!!!!!!!
INFO  [2013-10-01 08:44:11,810] com.yammer.dropwizard.cli.ServerCommand: Starting library-service
INFO  [2013-10-01 08:44:11,811] org.eclipse.jetty.server.Server: jetty-8.1.10.v20130312
INFO  [2013-10-01 08:44:11,913] com.sun.jersey.server.impl.application.WebApplicationImpl: Initiating Jersey application, version 'Jersey: 1.17.1 02/28/2013 12:47 PM'
INFO  [2013-10-01 08:44:11,978] com.yammer.dropwizard.config.Environment: The following paths were found for the configured resources:

    GET     /dropbox/v1/ (edu.sjsu.cmpe.dropbox.api.resources.RootResource)
    DELETE  /dropbox/v1/users/{email} (edu.sjsu.cmpe.dropbox.api.resources.DropboxResource)
    GET     /dropbox/v1/users/{email} (edu.sjsu.cmpe.dropbox.api.resources.DropboxResource)
    GET     /dropbox/v1/users/{email}/files/{id} (edu.sjsu.cmpe.dropbox.api.resources.DropboxResource)
    POST    /dropbox/v1/users (edu.sjsu.cmpe.dropbox.api.resources.DropboxResource)
    POST    /dropbox/v1/users/{email}/files (edu.sjsu.cmpe.dropbox.api.resources.DropboxResource)
    PUT     /dropbox/v1/users/{email} (edu.sjsu.cmpe.dropbox.api.resources.DropboxResource)

INFO  [2013-10-01 08:44:11,978] com.yammer.dropwizard.config.Environment: tasks = 

    POST    /tasks/gc (com.yammer.dropwizard.tasks.GarbageCollectionTask)

INFO  [2013-10-01 08:44:12,212] org.eclipse.jetty.server.AbstractConnector: Started InstrumentedBlockingChannelConnector@0.0.0.0:8084
INFO  [2013-10-01 08:44:12,215] org.eclipse.jetty.server.AbstractConnector: Started SocketConnector@0.0.0.0:8081
WARN  [2013-10-01 08:54:56,874] com.yammer.dropwizard.config.ServerFactory: 
!!!!!!!!!!!!!!!!!!!!!!!!!!!!!!!!!!!!!!!!!!!!!!!!!!!!!!!!!!!!!!!!!!!!!!!!!!!!!!!!
!!!!!!!!!!!!!!!!!!!!!!!!!!!!!!!!!!!!!!!!!!!!!!!!!!!!!!!!!!!!!!!!!!!!!!!!!!!!!!!!
!    THIS SERVICE HAS NO HEALTHCHECKS. THIS MEANS YOU WILL NEVER KNOW IF IT    !
!    DIES IN PRODUCTION, WHICH MEANS YOU WILL NEVER KNOW IF YOU'RE LETTING     !
!     YOUR USERS DOWN. YOU SHOULD ADD A HEALTHCHECK FOR EACH DEPENDENCY OF     !
!     YOUR SERVICE WHICH FULLY (BUT LIGHTLY) TESTS YOUR SERVICE'S ABILITY TO   !
!      USE THAT SERVICE. THINK OF IT AS A CONTINUOUS INTEGRATION TEST.         !
!!!!!!!!!!!!!!!!!!!!!!!!!!!!!!!!!!!!!!!!!!!!!!!!!!!!!!!!!!!!!!!!!!!!!!!!!!!!!!!!
!!!!!!!!!!!!!!!!!!!!!!!!!!!!!!!!!!!!!!!!!!!!!!!!!!!!!!!!!!!!!!!!!!!!!!!!!!!!!!!!
INFO  [2013-10-01 08:54:56,940] com.yammer.dropwizard.cli.ServerCommand: Starting library-service
INFO  [2013-10-01 08:54:56,941] org.eclipse.jetty.server.Server: jetty-8.1.10.v20130312
INFO  [2013-10-01 08:54:57,045] com.sun.jersey.server.impl.application.WebApplicationImpl: Initiating Jersey application, version 'Jersey: 1.17.1 02/28/2013 12:47 PM'
INFO  [2013-10-01 08:54:57,113] com.yammer.dropwizard.config.Environment: The following paths were found for the configured resources:

    GET     /dropbox/v1/ (edu.sjsu.cmpe.dropbox.api.resources.RootResource)
    DELETE  /dropbox/v1/users/{email} (edu.sjsu.cmpe.dropbox.api.resources.DropboxResource)
    GET     /dropbox/v1/users/{email} (edu.sjsu.cmpe.dropbox.api.resources.DropboxResource)
    GET     /dropbox/v1/users/{email}/files (edu.sjsu.cmpe.dropbox.api.resources.DropboxResource)
    GET     /dropbox/v1/users/{email}/files/{id} (edu.sjsu.cmpe.dropbox.api.resources.DropboxResource)
    POST    /dropbox/v1/users (edu.sjsu.cmpe.dropbox.api.resources.DropboxResource)
    POST    /dropbox/v1/users/{email}/files (edu.sjsu.cmpe.dropbox.api.resources.DropboxResource)
    PUT     /dropbox/v1/users/{email} (edu.sjsu.cmpe.dropbox.api.resources.DropboxResource)

INFO  [2013-10-01 08:54:57,113] com.yammer.dropwizard.config.Environment: tasks = 

    POST    /tasks/gc (com.yammer.dropwizard.tasks.GarbageCollectionTask)

INFO  [2013-10-01 08:54:57,349] org.eclipse.jetty.server.AbstractConnector: Started InstrumentedBlockingChannelConnector@0.0.0.0:8085
INFO  [2013-10-01 08:54:57,352] org.eclipse.jetty.server.AbstractConnector: Started SocketConnector@0.0.0.0:8081
WARN  [2013-10-01 20:15:15,686] com.yammer.dropwizard.config.ServerFactory: 
!!!!!!!!!!!!!!!!!!!!!!!!!!!!!!!!!!!!!!!!!!!!!!!!!!!!!!!!!!!!!!!!!!!!!!!!!!!!!!!!
!!!!!!!!!!!!!!!!!!!!!!!!!!!!!!!!!!!!!!!!!!!!!!!!!!!!!!!!!!!!!!!!!!!!!!!!!!!!!!!!
!    THIS SERVICE HAS NO HEALTHCHECKS. THIS MEANS YOU WILL NEVER KNOW IF IT    !
!    DIES IN PRODUCTION, WHICH MEANS YOU WILL NEVER KNOW IF YOU'RE LETTING     !
!     YOUR USERS DOWN. YOU SHOULD ADD A HEALTHCHECK FOR EACH DEPENDENCY OF     !
!     YOUR SERVICE WHICH FULLY (BUT LIGHTLY) TESTS YOUR SERVICE'S ABILITY TO   !
!      USE THAT SERVICE. THINK OF IT AS A CONTINUOUS INTEGRATION TEST.         !
!!!!!!!!!!!!!!!!!!!!!!!!!!!!!!!!!!!!!!!!!!!!!!!!!!!!!!!!!!!!!!!!!!!!!!!!!!!!!!!!
!!!!!!!!!!!!!!!!!!!!!!!!!!!!!!!!!!!!!!!!!!!!!!!!!!!!!!!!!!!!!!!!!!!!!!!!!!!!!!!!
INFO  [2013-10-01 20:15:15,753] com.yammer.dropwizard.cli.ServerCommand: Starting library-service
INFO  [2013-10-01 20:15:15,754] org.eclipse.jetty.server.Server: jetty-8.1.10.v20130312
INFO  [2013-10-01 20:15:15,860] com.sun.jersey.server.impl.application.WebApplicationImpl: Initiating Jersey application, version 'Jersey: 1.17.1 02/28/2013 12:47 PM'
INFO  [2013-10-01 20:15:15,929] com.yammer.dropwizard.config.Environment: The following paths were found for the configured resources:

    GET     /dropbox/v1/ (edu.sjsu.cmpe.dropbox.api.resources.RootResource)
    DELETE  /dropbox/v1/users/{email} (edu.sjsu.cmpe.dropbox.api.resources.DropboxResource)
    GET     /dropbox/v1/users/{email} (edu.sjsu.cmpe.dropbox.api.resources.DropboxResource)
    GET     /dropbox/v1/users/{email}/files (edu.sjsu.cmpe.dropbox.api.resources.DropboxResource)
    GET     /dropbox/v1/users/{email}/files/{id} (edu.sjsu.cmpe.dropbox.api.resources.DropboxResource)
    GET     /dropbox/v1/users/{email}/filesShared (edu.sjsu.cmpe.dropbox.api.resources.DropboxResource)
    GET     /dropbox/v1/users/{email}/filesShared/{id} (edu.sjsu.cmpe.dropbox.api.resources.DropboxResource)
    POST    /dropbox/v1/users (edu.sjsu.cmpe.dropbox.api.resources.DropboxResource)
    POST    /dropbox/v1/users/{email}/files (edu.sjsu.cmpe.dropbox.api.resources.DropboxResource)
    PUT     /dropbox/v1/users/{email} (edu.sjsu.cmpe.dropbox.api.resources.DropboxResource)

INFO  [2013-10-01 20:15:15,929] com.yammer.dropwizard.config.Environment: tasks = 

    POST    /tasks/gc (com.yammer.dropwizard.tasks.GarbageCollectionTask)

INFO  [2013-10-01 20:15:16,184] org.eclipse.jetty.server.AbstractConnector: Started InstrumentedBlockingChannelConnector@0.0.0.0:8080
INFO  [2013-10-01 20:15:16,187] org.eclipse.jetty.server.AbstractConnector: Started SocketConnector@0.0.0.0:8081
WARN  [2013-10-01 20:26:34,068] com.yammer.dropwizard.config.ServerFactory: 
!!!!!!!!!!!!!!!!!!!!!!!!!!!!!!!!!!!!!!!!!!!!!!!!!!!!!!!!!!!!!!!!!!!!!!!!!!!!!!!!
!!!!!!!!!!!!!!!!!!!!!!!!!!!!!!!!!!!!!!!!!!!!!!!!!!!!!!!!!!!!!!!!!!!!!!!!!!!!!!!!
!    THIS SERVICE HAS NO HEALTHCHECKS. THIS MEANS YOU WILL NEVER KNOW IF IT    !
!    DIES IN PRODUCTION, WHICH MEANS YOU WILL NEVER KNOW IF YOU'RE LETTING     !
!     YOUR USERS DOWN. YOU SHOULD ADD A HEALTHCHECK FOR EACH DEPENDENCY OF     !
!     YOUR SERVICE WHICH FULLY (BUT LIGHTLY) TESTS YOUR SERVICE'S ABILITY TO   !
!      USE THAT SERVICE. THINK OF IT AS A CONTINUOUS INTEGRATION TEST.         !
!!!!!!!!!!!!!!!!!!!!!!!!!!!!!!!!!!!!!!!!!!!!!!!!!!!!!!!!!!!!!!!!!!!!!!!!!!!!!!!!
!!!!!!!!!!!!!!!!!!!!!!!!!!!!!!!!!!!!!!!!!!!!!!!!!!!!!!!!!!!!!!!!!!!!!!!!!!!!!!!!
INFO  [2013-10-01 20:26:34,134] com.yammer.dropwizard.cli.ServerCommand: Starting library-service
INFO  [2013-10-01 20:26:34,136] org.eclipse.jetty.server.Server: jetty-8.1.10.v20130312
INFO  [2013-10-01 20:26:34,251] com.sun.jersey.server.impl.application.WebApplicationImpl: Initiating Jersey application, version 'Jersey: 1.17.1 02/28/2013 12:47 PM'
INFO  [2013-10-01 20:26:34,318] com.yammer.dropwizard.config.Environment: The following paths were found for the configured resources:

    GET     /dropbox/v1/ (edu.sjsu.cmpe.dropbox.api.resources.RootResource)
    DELETE  /dropbox/v1/users/{email} (edu.sjsu.cmpe.dropbox.api.resources.DropboxResource)
    GET     /dropbox/v1/users/{email} (edu.sjsu.cmpe.dropbox.api.resources.DropboxResource)
    GET     /dropbox/v1/users/{email}/files (edu.sjsu.cmpe.dropbox.api.resources.DropboxResource)
    GET     /dropbox/v1/users/{email}/files/{id} (edu.sjsu.cmpe.dropbox.api.resources.DropboxResource)
    GET     /dropbox/v1/users/{email}/filesShared (edu.sjsu.cmpe.dropbox.api.resources.DropboxResource)
    GET     /dropbox/v1/users/{email}/filesShared/{id} (edu.sjsu.cmpe.dropbox.api.resources.DropboxResource)
    POST    /dropbox/v1/users (edu.sjsu.cmpe.dropbox.api.resources.DropboxResource)
    POST    /dropbox/v1/users/{email}/files (edu.sjsu.cmpe.dropbox.api.resources.DropboxResource)
    POST    /dropbox/v1/users/{email}/filesShared (edu.sjsu.cmpe.dropbox.api.resources.DropboxResource)
    PUT     /dropbox/v1/users/{email} (edu.sjsu.cmpe.dropbox.api.resources.DropboxResource)

INFO  [2013-10-01 20:26:34,318] com.yammer.dropwizard.config.Environment: tasks = 

    POST    /tasks/gc (com.yammer.dropwizard.tasks.GarbageCollectionTask)

INFO  [2013-10-01 20:26:34,565] org.eclipse.jetty.server.AbstractConnector: Started InstrumentedBlockingChannelConnector@0.0.0.0:8081
